<?xml version="1.0" encoding="UTF-8"?>
<testng-results skipped="0" failed="0" total="3" passed="3">
  <reporter-output>
  </reporter-output>
  <suite name="Default suite" duration-ms="27" started-at="2013-08-03T20:37:49Z" finished-at="2013-08-03T20:37:49Z">
    <groups>
    </groups>
    <test name="Default test" duration-ms="27" started-at="2013-08-03T20:37:49Z" finished-at="2013-08-03T20:37:49Z">
      <class name="ws.rocket.path.test.TreeNodeTest">
        <test-method status="PASS" signature="testChildren()[pri:0, instance:ws.rocket.path.test.TreeNodeTest@1db87736]" name="testChildren" duration-ms="11" started-at="2013-08-03T22:37:49Z" finished-at="2013-08-03T22:37:49Z">
          <reporter-output>
          </reporter-output>
        </test-method> <!-- testChildren -->
        <test-method status="PASS" signature="testEmpty()[pri:0, instance:ws.rocket.path.test.TreeNodeTest@1db87736]" name="testEmpty" duration-ms="0" started-at="2013-08-03T22:37:49Z" finished-at="2013-08-03T22:37:49Z">
          <reporter-output>
          </reporter-output>
        </test-method> <!-- testEmpty -->
        <test-method status="PASS" signature="testKeyValue()[pri:0, instance:ws.rocket.path.test.TreeNodeTest@1db87736]" name="testKeyValue" duration-ms="2" started-at="2013-08-03T22:37:49Z" finished-at="2013-08-03T22:37:49Z">
          <reporter-output>
          </reporter-output>
        </test-method> <!-- testKeyValue -->
      </class> <!-- ws.rocket.path.test.TreeNodeTest -->
    </test> <!-- Default test -->
  </suite> <!-- Default suite -->
</testng-results>
