<?xml version="1.0" encoding="UTF-8"?>
<testng-results skipped="0" failed="0" total="207" passed="207">
  <reporter-output>
  </reporter-output>
  <suite name="Default suite" duration-ms="686" started-at="2013-10-12T06:59:45Z" finished-at="2013-10-12T06:59:45Z">
    <groups>
    </groups>
    <test name="Default test" duration-ms="686" started-at="2013-10-12T06:59:45Z" finished-at="2013-10-12T06:59:45Z">
      <class name="ws.rocket.path.test.TreePathTest">
        <test-method status="PASS" signature="testAppendingNullPath()[pri:0, instance:ws.rocket.path.test.TreePathTest@5559c7f2]" name="testAppendingNullPath" duration-ms="10" started-at="2013-10-12T08:59:45Z" finished-at="2013-10-12T08:59:45Z">
          <exception class="java.lang.NullPointerException">
            <full-stacktrace>
              <![CDATA[java.lang.NullPointerException
	at ws.rocket.path.TreePath.append(TreePath.java:501)
	at ws.rocket.path.test.TreePathTest.testAppendingNullPath(TreePathTest.java:418)
	at sun.reflect.NativeMethodAccessorImpl.invoke0(Native Method)
	at sun.reflect.NativeMethodAccessorImpl.invoke(NativeMethodAccessorImpl.java:57)
	at sun.reflect.DelegatingMethodAccessorImpl.invoke(DelegatingMethodAccessorImpl.java:43)
	at java.lang.reflect.Method.invoke(Method.java:606)
	at org.testng.internal.MethodInvocationHelper.invokeMethod(MethodInvocationHelper.java:84)
	at org.testng.internal.Invoker.invokeMethod(Invoker.java:714)
	at org.testng.internal.Invoker.invokeTestMethod(Invoker.java:901)
	at org.testng.internal.Invoker.invokeTestMethods(Invoker.java:1231)
	at org.testng.internal.TestMethodWorker.invokeTestMethods(TestMethodWorker.java:127)
	at org.testng.internal.TestMethodWorker.run(TestMethodWorker.java:111)
	at org.testng.TestRunner.privateRun(TestRunner.java:767)
	at org.testng.TestRunner.run(TestRunner.java:617)
	at org.testng.SuiteRunner.runTest(SuiteRunner.java:334)
	at org.testng.SuiteRunner.runSequentially(SuiteRunner.java:329)
	at org.testng.SuiteRunner.privateRun(SuiteRunner.java:291)
	at org.testng.SuiteRunner.run(SuiteRunner.java:240)
	at org.testng.SuiteRunnerWorker.runSuite(SuiteRunnerWorker.java:52)
	at org.testng.SuiteRunnerWorker.run(SuiteRunnerWorker.java:86)
	at org.testng.TestNG.runSuitesSequentially(TestNG.java:1224)
	at org.testng.TestNG.runSuitesLocally(TestNG.java:1149)
	at org.testng.TestNG.run(TestNG.java:1057)
	at org.testng.remote.RemoteTestNG.run(RemoteTestNG.java:111)
	at org.testng.remote.RemoteTestNG.initAndRun(RemoteTestNG.java:204)
	at org.testng.remote.RemoteTestNG.main(RemoteTestNG.java:175)
]]>
            </full-stacktrace>
          </exception> <!-- java.lang.NullPointerException -->
          <reporter-output>
          </reporter-output>
        </test-method> <!-- testAppendingNullPath -->
        <test-method status="PASS" signature="testAppendingPathWithOtherSeparator()[pri:0, instance:ws.rocket.path.test.TreePathTest@5559c7f2]" name="testAppendingPathWithOtherSeparator" duration-ms="1" started-at="2013-10-12T08:59:45Z" finished-at="2013-10-12T08:59:45Z">
          <exception class="java.lang.IllegalArgumentException">
            <message>
              <![CDATA[Cannot append tree path that uses different path segment separator.]]>
            </message>
            <full-stacktrace>
              <![CDATA[java.lang.IllegalArgumentException: Cannot append tree path that uses different path segment separator.
	at ws.rocket.path.TreePath.append(TreePath.java:502)
	at ws.rocket.path.test.TreePathTest.testAppendingPathWithOtherSeparator(TreePathTest.java:426)
	at sun.reflect.NativeMethodAccessorImpl.invoke0(Native Method)
	at sun.reflect.NativeMethodAccessorImpl.invoke(NativeMethodAccessorImpl.java:57)
	at sun.reflect.DelegatingMethodAccessorImpl.invoke(DelegatingMethodAccessorImpl.java:43)
	at java.lang.reflect.Method.invoke(Method.java:606)
	at org.testng.internal.MethodInvocationHelper.invokeMethod(MethodInvocationHelper.java:84)
	at org.testng.internal.Invoker.invokeMethod(Invoker.java:714)
	at org.testng.internal.Invoker.invokeTestMethod(Invoker.java:901)
	at org.testng.internal.Invoker.invokeTestMethods(Invoker.java:1231)
	at org.testng.internal.TestMethodWorker.invokeTestMethods(TestMethodWorker.java:127)
	at org.testng.internal.TestMethodWorker.run(TestMethodWorker.java:111)
	at org.testng.TestRunner.privateRun(TestRunner.java:767)
	at org.testng.TestRunner.run(TestRunner.java:617)
	at org.testng.SuiteRunner.runTest(SuiteRunner.java:334)
	at org.testng.SuiteRunner.runSequentially(SuiteRunner.java:329)
	at org.testng.SuiteRunner.privateRun(SuiteRunner.java:291)
	at org.testng.SuiteRunner.run(SuiteRunner.java:240)
	at org.testng.SuiteRunnerWorker.runSuite(SuiteRunnerWorker.java:52)
	at org.testng.SuiteRunnerWorker.run(SuiteRunnerWorker.java:86)
	at org.testng.TestNG.runSuitesSequentially(TestNG.java:1224)
	at org.testng.TestNG.runSuitesLocally(TestNG.java:1149)
	at org.testng.TestNG.run(TestNG.java:1057)
	at org.testng.remote.RemoteTestNG.run(RemoteTestNG.java:111)
	at org.testng.remote.RemoteTestNG.initAndRun(RemoteTestNG.java:204)
	at org.testng.remote.RemoteTestNG.main(RemoteTestNG.java:175)
]]>
            </full-stacktrace>
          </exception> <!-- java.lang.IllegalArgumentException -->
          <reporter-output>
          </reporter-output>
        </test-method> <!-- testAppendingPathWithOtherSeparator -->
        <test-method status="PASS" signature="testAppendingPaths(ws.rocket.path.TreePath, ws.rocket.path.TreePath, java.lang.String, java.lang.String)[pri:0, instance:ws.rocket.path.test.TreePathTest@5559c7f2]" name="testAppendingPaths" duration-ms="2" started-at="2013-10-12T08:59:45Z" data-provider="TreePathAppendDataProvider" finished-at="2013-10-12T08:59:45Z">
          <params>
            <param index="0">
              <value>
                <![CDATA[]]>
              </value>
            </param>
            <param index="1">
              <value>
                <![CDATA[]]>
              </value>
            </param>
            <param index="2">
              <value>
                <![CDATA[]]>
              </value>
            </param>
            <param index="3">
              <value is-null="true"/>
            </param>
          </params>
          <reporter-output>
          </reporter-output>
        </test-method> <!-- testAppendingPaths -->
        <test-method status="PASS" signature="testAppendingPaths(ws.rocket.path.TreePath, ws.rocket.path.TreePath, java.lang.String, java.lang.String)[pri:0, instance:ws.rocket.path.test.TreePathTest@5559c7f2]" name="testAppendingPaths" duration-ms="0" started-at="2013-10-12T08:59:45Z" data-provider="TreePathAppendDataProvider" finished-at="2013-10-12T08:59:45Z">
          <params>
            <param index="0">
              <value>
                <![CDATA[]]>
              </value>
            </param>
            <param index="1">
              <value>
                <![CDATA[]]>
              </value>
            </param>
            <param index="2">
              <value>
                <![CDATA[]]>
              </value>
            </param>
            <param index="3">
              <value is-null="true"/>
            </param>
          </params>
          <reporter-output>
          </reporter-output>
        </test-method> <!-- testAppendingPaths -->
        <test-method status="PASS" signature="testAppendingPaths(ws.rocket.path.TreePath, ws.rocket.path.TreePath, java.lang.String, java.lang.String)[pri:0, instance:ws.rocket.path.test.TreePathTest@5559c7f2]" name="testAppendingPaths" duration-ms="1" started-at="2013-10-12T08:59:45Z" data-provider="TreePathAppendDataProvider" finished-at="2013-10-12T08:59:45Z">
          <params>
            <param index="0">
              <value>
                <![CDATA[/1/2/3/4]]>
              </value>
            </param>
            <param index="1">
              <value>
                <![CDATA[/5/6/7/8/9]]>
              </value>
            </param>
            <param index="2">
              <value>
                <![CDATA[/1/2/3/4/5/6/7/8/9]]>
              </value>
            </param>
            <param index="3">
              <value is-null="true"/>
            </param>
          </params>
          <reporter-output>
          </reporter-output>
        </test-method> <!-- testAppendingPaths -->
        <test-method status="PASS" signature="testAppendingPaths(ws.rocket.path.TreePath, ws.rocket.path.TreePath, java.lang.String, java.lang.String)[pri:0, instance:ws.rocket.path.test.TreePathTest@5559c7f2]" name="testAppendingPaths" duration-ms="1" started-at="2013-10-12T08:59:45Z" data-provider="TreePathAppendDataProvider" finished-at="2013-10-12T08:59:45Z">
          <params>
            <param index="0">
              <value>
                <![CDATA[/a/b/c.x]]>
              </value>
            </param>
            <param index="1">
              <value>
                <![CDATA[/a/b/c.d]]>
              </value>
            </param>
            <param index="2">
              <value>
                <![CDATA[/a/b/c/a/b/c.d]]>
              </value>
            </param>
            <param index="3">
              <value>
                <![CDATA[d]]>
              </value>
            </param>
          </params>
          <reporter-output>
          </reporter-output>
        </test-method> <!-- testAppendingPaths -->
        <test-method status="PASS" signature="testIllegalNextFailure(ws.rocket.path.TreePath, java.lang.String, java.lang.String, java.lang.String, int)[pri:0, instance:ws.rocket.path.test.TreePathTest@5559c7f2]" name="testIllegalNextFailure" duration-ms="1" started-at="2013-10-12T08:59:45Z" data-provider="TreePathDataProvider" finished-at="2013-10-12T08:59:45Z">
          <params>
            <param index="0">
              <value>
                <![CDATA[]]>
              </value>
            </param>
            <param index="1">
              <value>
                <![CDATA[]]>
              </value>
            </param>
            <param index="2">
              <value is-null="true"/>
            </param>
            <param index="3">
              <value is-null="true"/>
            </param>
            <param index="4">
              <value>
                <![CDATA[0]]>
              </value>
            </param>
          </params>
          <exception class="java.util.NoSuchElementException">
            <full-stacktrace>
              <![CDATA[java.util.NoSuchElementException
	at ws.rocket.path.TreePath.getNext(TreePath.java:369)
	at ws.rocket.path.TreePath.next(TreePath.java:296)
	at ws.rocket.path.test.TreePathTest.testIllegalNextFailure(TreePathTest.java:370)
	at sun.reflect.NativeMethodAccessorImpl.invoke0(Native Method)
	at sun.reflect.NativeMethodAccessorImpl.invoke(NativeMethodAccessorImpl.java:57)
	at sun.reflect.DelegatingMethodAccessorImpl.invoke(DelegatingMethodAccessorImpl.java:43)
	at java.lang.reflect.Method.invoke(Method.java:606)
	at org.testng.internal.MethodInvocationHelper.invokeMethod(MethodInvocationHelper.java:84)
	at org.testng.internal.Invoker.invokeMethod(Invoker.java:714)
	at org.testng.internal.Invoker.invokeTestMethod(Invoker.java:901)
	at org.testng.internal.Invoker.invokeTestMethods(Invoker.java:1231)
	at org.testng.internal.TestMethodWorker.invokeTestMethods(TestMethodWorker.java:127)
	at org.testng.internal.TestMethodWorker.run(TestMethodWorker.java:111)
	at org.testng.TestRunner.privateRun(TestRunner.java:767)
	at org.testng.TestRunner.run(TestRunner.java:617)
	at org.testng.SuiteRunner.runTest(SuiteRunner.java:334)
	at org.testng.SuiteRunner.runSequentially(SuiteRunner.java:329)
	at org.testng.SuiteRunner.privateRun(SuiteRunner.java:291)
	at org.testng.SuiteRunner.run(SuiteRunner.java:240)
	at org.testng.SuiteRunnerWorker.runSuite(SuiteRunnerWorker.java:52)
	at org.testng.SuiteRunnerWorker.run(SuiteRunnerWorker.java:86)
	at org.testng.TestNG.runSuitesSequentially(TestNG.java:1224)
	at org.testng.TestNG.runSuitesLocally(TestNG.java:1149)
	at org.testng.TestNG.run(TestNG.java:1057)
	at org.testng.remote.RemoteTestNG.run(RemoteTestNG.java:111)
	at org.testng.remote.RemoteTestNG.initAndRun(RemoteTestNG.java:204)
	at org.testng.remote.RemoteTestNG.main(RemoteTestNG.java:175)
]]>
            </full-stacktrace>
          </exception> <!-- java.util.NoSuchElementException -->
          <reporter-output>
          </reporter-output>
        </test-method> <!-- testIllegalNextFailure -->
        <test-method status="PASS" signature="testIllegalNextFailure(ws.rocket.path.TreePath, java.lang.String, java.lang.String, java.lang.String, int)[pri:0, instance:ws.rocket.path.test.TreePathTest@5559c7f2]" name="testIllegalNextFailure" duration-ms="1" started-at="2013-10-12T08:59:45Z" data-provider="TreePathDataProvider" finished-at="2013-10-12T08:59:45Z">
          <params>
            <param index="0">
              <value>
                <![CDATA[]]>
              </value>
            </param>
            <param index="1">
              <value>
                <![CDATA[]]>
              </value>
            </param>
            <param index="2">
              <value is-null="true"/>
            </param>
            <param index="3">
              <value is-null="true"/>
            </param>
            <param index="4">
              <value>
                <![CDATA[0]]>
              </value>
            </param>
          </params>
          <exception class="java.util.NoSuchElementException">
            <full-stacktrace>
              <![CDATA[java.util.NoSuchElementException
	at ws.rocket.path.TreePath.getNext(TreePath.java:369)
	at ws.rocket.path.TreePath.next(TreePath.java:296)
	at ws.rocket.path.test.TreePathTest.testIllegalNextFailure(TreePathTest.java:370)
	at sun.reflect.NativeMethodAccessorImpl.invoke0(Native Method)
	at sun.reflect.NativeMethodAccessorImpl.invoke(NativeMethodAccessorImpl.java:57)
	at sun.reflect.DelegatingMethodAccessorImpl.invoke(DelegatingMethodAccessorImpl.java:43)
	at java.lang.reflect.Method.invoke(Method.java:606)
	at org.testng.internal.MethodInvocationHelper.invokeMethod(MethodInvocationHelper.java:84)
	at org.testng.internal.Invoker.invokeMethod(Invoker.java:714)
	at org.testng.internal.Invoker.invokeTestMethod(Invoker.java:901)
	at org.testng.internal.Invoker.invokeTestMethods(Invoker.java:1231)
	at org.testng.internal.TestMethodWorker.invokeTestMethods(TestMethodWorker.java:127)
	at org.testng.internal.TestMethodWorker.run(TestMethodWorker.java:111)
	at org.testng.TestRunner.privateRun(TestRunner.java:767)
	at org.testng.TestRunner.run(TestRunner.java:617)
	at org.testng.SuiteRunner.runTest(SuiteRunner.java:334)
	at org.testng.SuiteRunner.runSequentially(SuiteRunner.java:329)
	at org.testng.SuiteRunner.privateRun(SuiteRunner.java:291)
	at org.testng.SuiteRunner.run(SuiteRunner.java:240)
	at org.testng.SuiteRunnerWorker.runSuite(SuiteRunnerWorker.java:52)
	at org.testng.SuiteRunnerWorker.run(SuiteRunnerWorker.java:86)
	at org.testng.TestNG.runSuitesSequentially(TestNG.java:1224)
	at org.testng.TestNG.runSuitesLocally(TestNG.java:1149)
	at org.testng.TestNG.run(TestNG.java:1057)
	at org.testng.remote.RemoteTestNG.run(RemoteTestNG.java:111)
	at org.testng.remote.RemoteTestNG.initAndRun(RemoteTestNG.java:204)
	at org.testng.remote.RemoteTestNG.main(RemoteTestNG.java:175)
]]>
            </full-stacktrace>
          </exception> <!-- java.util.NoSuchElementException -->
          <reporter-output>
          </reporter-output>
        </test-method> <!-- testIllegalNextFailure -->
        <test-method status="PASS" signature="testIllegalNextFailure(ws.rocket.path.TreePath, java.lang.String, java.lang.String, java.lang.String, int)[pri:0, instance:ws.rocket.path.test.TreePathTest@5559c7f2]" name="testIllegalNextFailure" duration-ms="1" started-at="2013-10-12T08:59:45Z" data-provider="TreePathDataProvider" finished-at="2013-10-12T08:59:45Z">
          <params>
            <param index="0">
              <value>
                <![CDATA[/path/to/my/web-page.rss]]>
              </value>
            </param>
            <param index="1">
              <value>
                <![CDATA[/path/to/my/web-page.rss]]>
              </value>
            </param>
            <param index="2">
              <value>
                <![CDATA[web-page.rss]]>
              </value>
            </param>
            <param index="3">
              <value is-null="true"/>
            </param>
            <param index="4">
              <value>
                <![CDATA[4]]>
              </value>
            </param>
          </params>
          <exception class="java.util.NoSuchElementException">
            <full-stacktrace>
              <![CDATA[java.util.NoSuchElementException
	at ws.rocket.path.TreePath.getNext(TreePath.java:369)
	at ws.rocket.path.TreePath.next(TreePath.java:296)
	at ws.rocket.path.test.TreePathTest.testIllegalNextFailure(TreePathTest.java:370)
	at sun.reflect.NativeMethodAccessorImpl.invoke0(Native Method)
	at sun.reflect.NativeMethodAccessorImpl.invoke(NativeMethodAccessorImpl.java:57)
	at sun.reflect.DelegatingMethodAccessorImpl.invoke(DelegatingMethodAccessorImpl.java:43)
	at java.lang.reflect.Method.invoke(Method.java:606)
	at org.testng.internal.MethodInvocationHelper.invokeMethod(MethodInvocationHelper.java:84)
	at org.testng.internal.Invoker.invokeMethod(Invoker.java:714)
	at org.testng.internal.Invoker.invokeTestMethod(Invoker.java:901)
	at org.testng.internal.Invoker.invokeTestMethods(Invoker.java:1231)
	at org.testng.internal.TestMethodWorker.invokeTestMethods(TestMethodWorker.java:127)
	at org.testng.internal.TestMethodWorker.run(TestMethodWorker.java:111)
	at org.testng.TestRunner.privateRun(TestRunner.java:767)
	at org.testng.TestRunner.run(TestRunner.java:617)
	at org.testng.SuiteRunner.runTest(SuiteRunner.java:334)
	at org.testng.SuiteRunner.runSequentially(SuiteRunner.java:329)
	at org.testng.SuiteRunner.privateRun(SuiteRunner.java:291)
	at org.testng.SuiteRunner.run(SuiteRunner.java:240)
	at org.testng.SuiteRunnerWorker.runSuite(SuiteRunnerWorker.java:52)
	at org.testng.SuiteRunnerWorker.run(SuiteRunnerWorker.java:86)
	at org.testng.TestNG.runSuitesSequentially(TestNG.java:1224)
	at org.testng.TestNG.runSuitesLocally(TestNG.java:1149)
	at org.testng.TestNG.run(TestNG.java:1057)
	at org.testng.remote.RemoteTestNG.run(RemoteTestNG.java:111)
	at org.testng.remote.RemoteTestNG.initAndRun(RemoteTestNG.java:204)
	at org.testng.remote.RemoteTestNG.main(RemoteTestNG.java:175)
]]>
            </full-stacktrace>
          </exception> <!-- java.util.NoSuchElementException -->
          <reporter-output>
          </reporter-output>
        </test-method> <!-- testIllegalNextFailure -->
        <test-method status="PASS" signature="testIllegalNextFailure(ws.rocket.path.TreePath, java.lang.String, java.lang.String, java.lang.String, int)[pri:0, instance:ws.rocket.path.test.TreePathTest@5559c7f2]" name="testIllegalNextFailure" duration-ms="0" started-at="2013-10-12T08:59:45Z" data-provider="TreePathDataProvider" finished-at="2013-10-12T08:59:45Z">
          <params>
            <param index="0">
              <value>
                <![CDATA[/rel.path.to.my/web.page-html]]>
              </value>
            </param>
            <param index="1">
              <value>
                <![CDATA[/rel.path.to.my/web.page-html]]>
              </value>
            </param>
            <param index="2">
              <value>
                <![CDATA[web.page-html]]>
              </value>
            </param>
            <param index="3">
              <value is-null="true"/>
            </param>
            <param index="4">
              <value>
                <![CDATA[2]]>
              </value>
            </param>
          </params>
          <exception class="java.util.NoSuchElementException">
            <full-stacktrace>
              <![CDATA[java.util.NoSuchElementException
	at ws.rocket.path.TreePath.getNext(TreePath.java:369)
	at ws.rocket.path.TreePath.next(TreePath.java:296)
	at ws.rocket.path.test.TreePathTest.testIllegalNextFailure(TreePathTest.java:370)
	at sun.reflect.NativeMethodAccessorImpl.invoke0(Native Method)
	at sun.reflect.NativeMethodAccessorImpl.invoke(NativeMethodAccessorImpl.java:57)
	at sun.reflect.DelegatingMethodAccessorImpl.invoke(DelegatingMethodAccessorImpl.java:43)
	at java.lang.reflect.Method.invoke(Method.java:606)
	at org.testng.internal.MethodInvocationHelper.invokeMethod(MethodInvocationHelper.java:84)
	at org.testng.internal.Invoker.invokeMethod(Invoker.java:714)
	at org.testng.internal.Invoker.invokeTestMethod(Invoker.java:901)
	at org.testng.internal.Invoker.invokeTestMethods(Invoker.java:1231)
	at org.testng.internal.TestMethodWorker.invokeTestMethods(TestMethodWorker.java:127)
	at org.testng.internal.TestMethodWorker.run(TestMethodWorker.java:111)
	at org.testng.TestRunner.privateRun(TestRunner.java:767)
	at org.testng.TestRunner.run(TestRunner.java:617)
	at org.testng.SuiteRunner.runTest(SuiteRunner.java:334)
	at org.testng.SuiteRunner.runSequentially(SuiteRunner.java:329)
	at org.testng.SuiteRunner.privateRun(SuiteRunner.java:291)
	at org.testng.SuiteRunner.run(SuiteRunner.java:240)
	at org.testng.SuiteRunnerWorker.runSuite(SuiteRunnerWorker.java:52)
	at org.testng.SuiteRunnerWorker.run(SuiteRunnerWorker.java:86)
	at org.testng.TestNG.runSuitesSequentially(TestNG.java:1224)
	at org.testng.TestNG.runSuitesLocally(TestNG.java:1149)
	at org.testng.TestNG.run(TestNG.java:1057)
	at org.testng.remote.RemoteTestNG.run(RemoteTestNG.java:111)
	at org.testng.remote.RemoteTestNG.initAndRun(RemoteTestNG.java:204)
	at org.testng.remote.RemoteTestNG.main(RemoteTestNG.java:175)
]]>
            </full-stacktrace>
          </exception> <!-- java.util.NoSuchElementException -->
          <reporter-output>
          </reporter-output>
        </test-method> <!-- testIllegalNextFailure -->
        <test-method status="PASS" signature="testIllegalNextFailure(ws.rocket.path.TreePath, java.lang.String, java.lang.String, java.lang.String, int)[pri:0, instance:ws.rocket.path.test.TreePathTest@5559c7f2]" name="testIllegalNextFailure" duration-ms="1" started-at="2013-10-12T08:59:45Z" data-provider="TreePathDataProvider" finished-at="2013-10-12T08:59:45Z">
          <params>
            <param index="0">
              <value>
                <![CDATA[]]>
              </value>
            </param>
            <param index="1">
              <value>
                <![CDATA[]]>
              </value>
            </param>
            <param index="2">
              <value is-null="true"/>
            </param>
            <param index="3">
              <value is-null="true"/>
            </param>
            <param index="4">
              <value>
                <![CDATA[0]]>
              </value>
            </param>
          </params>
          <exception class="java.util.NoSuchElementException">
            <full-stacktrace>
              <![CDATA[java.util.NoSuchElementException
	at ws.rocket.path.TreePath.getNext(TreePath.java:369)
	at ws.rocket.path.TreePath.next(TreePath.java:296)
	at ws.rocket.path.test.TreePathTest.testIllegalNextFailure(TreePathTest.java:370)
	at sun.reflect.NativeMethodAccessorImpl.invoke0(Native Method)
	at sun.reflect.NativeMethodAccessorImpl.invoke(NativeMethodAccessorImpl.java:57)
	at sun.reflect.DelegatingMethodAccessorImpl.invoke(DelegatingMethodAccessorImpl.java:43)
	at java.lang.reflect.Method.invoke(Method.java:606)
	at org.testng.internal.MethodInvocationHelper.invokeMethod(MethodInvocationHelper.java:84)
	at org.testng.internal.Invoker.invokeMethod(Invoker.java:714)
	at org.testng.internal.Invoker.invokeTestMethod(Invoker.java:901)
	at org.testng.internal.Invoker.invokeTestMethods(Invoker.java:1231)
	at org.testng.internal.TestMethodWorker.invokeTestMethods(TestMethodWorker.java:127)
	at org.testng.internal.TestMethodWorker.run(TestMethodWorker.java:111)
	at org.testng.TestRunner.privateRun(TestRunner.java:767)
	at org.testng.TestRunner.run(TestRunner.java:617)
	at org.testng.SuiteRunner.runTest(SuiteRunner.java:334)
	at org.testng.SuiteRunner.runSequentially(SuiteRunner.java:329)
	at org.testng.SuiteRunner.privateRun(SuiteRunner.java:291)
	at org.testng.SuiteRunner.run(SuiteRunner.java:240)
	at org.testng.SuiteRunnerWorker.runSuite(SuiteRunnerWorker.java:52)
	at org.testng.SuiteRunnerWorker.run(SuiteRunnerWorker.java:86)
	at org.testng.TestNG.runSuitesSequentially(TestNG.java:1224)
	at org.testng.TestNG.runSuitesLocally(TestNG.java:1149)
	at org.testng.TestNG.run(TestNG.java:1057)
	at org.testng.remote.RemoteTestNG.run(RemoteTestNG.java:111)
	at org.testng.remote.RemoteTestNG.initAndRun(RemoteTestNG.java:204)
	at org.testng.remote.RemoteTestNG.main(RemoteTestNG.java:175)
]]>
            </full-stacktrace>
          </exception> <!-- java.util.NoSuchElementException -->
          <reporter-output>
          </reporter-output>
        </test-method> <!-- testIllegalNextFailure -->
        <test-method status="PASS" signature="testIllegalNextFailure(ws.rocket.path.TreePath, java.lang.String, java.lang.String, java.lang.String, int)[pri:0, instance:ws.rocket.path.test.TreePathTest@5559c7f2]" name="testIllegalNextFailure" duration-ms="1" started-at="2013-10-12T08:59:45Z" data-provider="TreePathDataProvider" finished-at="2013-10-12T08:59:45Z">
          <params>
            <param index="0">
              <value>
                <![CDATA[]]>
              </value>
            </param>
            <param index="1">
              <value>
                <![CDATA[]]>
              </value>
            </param>
            <param index="2">
              <value is-null="true"/>
            </param>
            <param index="3">
              <value is-null="true"/>
            </param>
            <param index="4">
              <value>
                <![CDATA[0]]>
              </value>
            </param>
          </params>
          <exception class="java.util.NoSuchElementException">
            <full-stacktrace>
              <![CDATA[java.util.NoSuchElementException
	at ws.rocket.path.TreePath.getNext(TreePath.java:369)
	at ws.rocket.path.TreePath.next(TreePath.java:296)
	at ws.rocket.path.test.TreePathTest.testIllegalNextFailure(TreePathTest.java:370)
	at sun.reflect.NativeMethodAccessorImpl.invoke0(Native Method)
	at sun.reflect.NativeMethodAccessorImpl.invoke(NativeMethodAccessorImpl.java:57)
	at sun.reflect.DelegatingMethodAccessorImpl.invoke(DelegatingMethodAccessorImpl.java:43)
	at java.lang.reflect.Method.invoke(Method.java:606)
	at org.testng.internal.MethodInvocationHelper.invokeMethod(MethodInvocationHelper.java:84)
	at org.testng.internal.Invoker.invokeMethod(Invoker.java:714)
	at org.testng.internal.Invoker.invokeTestMethod(Invoker.java:901)
	at org.testng.internal.Invoker.invokeTestMethods(Invoker.java:1231)
	at org.testng.internal.TestMethodWorker.invokeTestMethods(TestMethodWorker.java:127)
	at org.testng.internal.TestMethodWorker.run(TestMethodWorker.java:111)
	at org.testng.TestRunner.privateRun(TestRunner.java:767)
	at org.testng.TestRunner.run(TestRunner.java:617)
	at org.testng.SuiteRunner.runTest(SuiteRunner.java:334)
	at org.testng.SuiteRunner.runSequentially(SuiteRunner.java:329)
	at org.testng.SuiteRunner.privateRun(SuiteRunner.java:291)
	at org.testng.SuiteRunner.run(SuiteRunner.java:240)
	at org.testng.SuiteRunnerWorker.runSuite(SuiteRunnerWorker.java:52)
	at org.testng.SuiteRunnerWorker.run(SuiteRunnerWorker.java:86)
	at org.testng.TestNG.runSuitesSequentially(TestNG.java:1224)
	at org.testng.TestNG.runSuitesLocally(TestNG.java:1149)
	at org.testng.TestNG.run(TestNG.java:1057)
	at org.testng.remote.RemoteTestNG.run(RemoteTestNG.java:111)
	at org.testng.remote.RemoteTestNG.initAndRun(RemoteTestNG.java:204)
	at org.testng.remote.RemoteTestNG.main(RemoteTestNG.java:175)
]]>
            </full-stacktrace>
          </exception> <!-- java.util.NoSuchElementException -->
          <reporter-output>
          </reporter-output>
        </test-method> <!-- testIllegalNextFailure -->
        <test-method status="PASS" signature="testIllegalNextFailure(ws.rocket.path.TreePath, java.lang.String, java.lang.String, java.lang.String, int)[pri:0, instance:ws.rocket.path.test.TreePathTest@5559c7f2]" name="testIllegalNextFailure" duration-ms="7" started-at="2013-10-12T08:59:45Z" data-provider="TreePathDataProvider" finished-at="2013-10-12T08:59:45Z">
          <params>
            <param index="0">
              <value>
                <![CDATA[-path-to----my-web/page=rss]]>
              </value>
            </param>
            <param index="1">
              <value>
                <![CDATA[-path-to----my-web/page=rss]]>
              </value>
            </param>
            <param index="2">
              <value>
                <![CDATA[-path-to----my-web/page=rss]]>
              </value>
            </param>
            <param index="3">
              <value is-null="true"/>
            </param>
            <param index="4">
              <value>
                <![CDATA[1]]>
              </value>
            </param>
          </params>
          <exception class="java.util.NoSuchElementException">
            <full-stacktrace>
              <![CDATA[java.util.NoSuchElementException
	at ws.rocket.path.TreePath.getNext(TreePath.java:369)
	at ws.rocket.path.TreePath.next(TreePath.java:296)
	at ws.rocket.path.test.TreePathTest.testIllegalNextFailure(TreePathTest.java:370)
	at sun.reflect.NativeMethodAccessorImpl.invoke0(Native Method)
	at sun.reflect.NativeMethodAccessorImpl.invoke(NativeMethodAccessorImpl.java:57)
	at sun.reflect.DelegatingMethodAccessorImpl.invoke(DelegatingMethodAccessorImpl.java:43)
	at java.lang.reflect.Method.invoke(Method.java:606)
	at org.testng.internal.MethodInvocationHelper.invokeMethod(MethodInvocationHelper.java:84)
	at org.testng.internal.Invoker.invokeMethod(Invoker.java:714)
	at org.testng.internal.Invoker.invokeTestMethod(Invoker.java:901)
	at org.testng.internal.Invoker.invokeTestMethods(Invoker.java:1231)
	at org.testng.internal.TestMethodWorker.invokeTestMethods(TestMethodWorker.java:127)
	at org.testng.internal.TestMethodWorker.run(TestMethodWorker.java:111)
	at org.testng.TestRunner.privateRun(TestRunner.java:767)
	at org.testng.TestRunner.run(TestRunner.java:617)
	at org.testng.SuiteRunner.runTest(SuiteRunner.java:334)
	at org.testng.SuiteRunner.runSequentially(SuiteRunner.java:329)
	at org.testng.SuiteRunner.privateRun(SuiteRunner.java:291)
	at org.testng.SuiteRunner.run(SuiteRunner.java:240)
	at org.testng.SuiteRunnerWorker.runSuite(SuiteRunnerWorker.java:52)
	at org.testng.SuiteRunnerWorker.run(SuiteRunnerWorker.java:86)
	at org.testng.TestNG.runSuitesSequentially(TestNG.java:1224)
	at org.testng.TestNG.runSuitesLocally(TestNG.java:1149)
	at org.testng.TestNG.run(TestNG.java:1057)
	at org.testng.remote.RemoteTestNG.run(RemoteTestNG.java:111)
	at org.testng.remote.RemoteTestNG.initAndRun(RemoteTestNG.java:204)
	at org.testng.remote.RemoteTestNG.main(RemoteTestNG.java:175)
]]>
            </full-stacktrace>
          </exception> <!-- java.util.NoSuchElementException -->
          <reporter-output>
          </reporter-output>
        </test-method> <!-- testIllegalNextFailure -->
        <test-method status="PASS" signature="testIllegalNextFailure(ws.rocket.path.TreePath, java.lang.String, java.lang.String, java.lang.String, int)[pri:0, instance:ws.rocket.path.test.TreePathTest@5559c7f2]" name="testIllegalNextFailure" duration-ms="1" started-at="2013-10-12T08:59:45Z" data-provider="TreePathDataProvider" finished-at="2013-10-12T08:59:45Z">
          <params>
            <param index="0">
              <value>
                <![CDATA[-path-to----my-web/page=rss]]>
              </value>
            </param>
            <param index="1">
              <value>
                <![CDATA[-path-to----my-web/page=rss]]>
              </value>
            </param>
            <param index="2">
              <value>
                <![CDATA[-path-to----my-web/page=rss]]>
              </value>
            </param>
            <param index="3">
              <value is-null="true"/>
            </param>
            <param index="4">
              <value>
                <![CDATA[1]]>
              </value>
            </param>
          </params>
          <exception class="java.util.NoSuchElementException">
            <full-stacktrace>
              <![CDATA[java.util.NoSuchElementException
	at ws.rocket.path.TreePath.getNext(TreePath.java:369)
	at ws.rocket.path.TreePath.next(TreePath.java:296)
	at ws.rocket.path.test.TreePathTest.testIllegalNextFailure(TreePathTest.java:370)
	at sun.reflect.NativeMethodAccessorImpl.invoke0(Native Method)
	at sun.reflect.NativeMethodAccessorImpl.invoke(NativeMethodAccessorImpl.java:57)
	at sun.reflect.DelegatingMethodAccessorImpl.invoke(DelegatingMethodAccessorImpl.java:43)
	at java.lang.reflect.Method.invoke(Method.java:606)
	at org.testng.internal.MethodInvocationHelper.invokeMethod(MethodInvocationHelper.java:84)
	at org.testng.internal.Invoker.invokeMethod(Invoker.java:714)
	at org.testng.internal.Invoker.invokeTestMethod(Invoker.java:901)
	at org.testng.internal.Invoker.invokeTestMethods(Invoker.java:1231)
	at org.testng.internal.TestMethodWorker.invokeTestMethods(TestMethodWorker.java:127)
	at org.testng.internal.TestMethodWorker.run(TestMethodWorker.java:111)
	at org.testng.TestRunner.privateRun(TestRunner.java:767)
	at org.testng.TestRunner.run(TestRunner.java:617)
	at org.testng.SuiteRunner.runTest(SuiteRunner.java:334)
	at org.testng.SuiteRunner.runSequentially(SuiteRunner.java:329)
	at org.testng.SuiteRunner.privateRun(SuiteRunner.java:291)
	at org.testng.SuiteRunner.run(SuiteRunner.java:240)
	at org.testng.SuiteRunnerWorker.runSuite(SuiteRunnerWorker.java:52)
	at org.testng.SuiteRunnerWorker.run(SuiteRunnerWorker.java:86)
	at org.testng.TestNG.runSuitesSequentially(TestNG.java:1224)
	at org.testng.TestNG.runSuitesLocally(TestNG.java:1149)
	at org.testng.TestNG.run(TestNG.java:1057)
	at org.testng.remote.RemoteTestNG.run(RemoteTestNG.java:111)
	at org.testng.remote.RemoteTestNG.initAndRun(RemoteTestNG.java:204)
	at org.testng.remote.RemoteTestNG.main(RemoteTestNG.java:175)
]]>
            </full-stacktrace>
          </exception> <!-- java.util.NoSuchElementException -->
          <reporter-output>
          </reporter-output>
        </test-method> <!-- testIllegalNextFailure -->
        <test-method status="PASS" signature="testIllegalNextFailure(ws.rocket.path.TreePath, java.lang.String, java.lang.String, java.lang.String, int)[pri:0, instance:ws.rocket.path.test.TreePathTest@5559c7f2]" name="testIllegalNextFailure" duration-ms="2" started-at="2013-10-12T08:59:45Z" data-provider="TreePathDataProvider" finished-at="2013-10-12T08:59:45Z">
          <params>
            <param index="0">
              <value>
                <![CDATA[-path-to-my-web/page=rss]]>
              </value>
            </param>
            <param index="1">
              <value>
                <![CDATA[-path-to-my-web/page=rss]]>
              </value>
            </param>
            <param index="2">
              <value>
                <![CDATA[web/page=rss]]>
              </value>
            </param>
            <param index="3">
              <value is-null="true"/>
            </param>
            <param index="4">
              <value>
                <![CDATA[4]]>
              </value>
            </param>
          </params>
          <exception class="java.util.NoSuchElementException">
            <full-stacktrace>
              <![CDATA[java.util.NoSuchElementException
	at ws.rocket.path.TreePath.getNext(TreePath.java:369)
	at ws.rocket.path.TreePath.next(TreePath.java:296)
	at ws.rocket.path.test.TreePathTest.testIllegalNextFailure(TreePathTest.java:370)
	at sun.reflect.NativeMethodAccessorImpl.invoke0(Native Method)
	at sun.reflect.NativeMethodAccessorImpl.invoke(NativeMethodAccessorImpl.java:57)
	at sun.reflect.DelegatingMethodAccessorImpl.invoke(DelegatingMethodAccessorImpl.java:43)
	at java.lang.reflect.Method.invoke(Method.java:606)
	at org.testng.internal.MethodInvocationHelper.invokeMethod(MethodInvocationHelper.java:84)
	at org.testng.internal.Invoker.invokeMethod(Invoker.java:714)
	at org.testng.internal.Invoker.invokeTestMethod(Invoker.java:901)
	at org.testng.internal.Invoker.invokeTestMethods(Invoker.java:1231)
	at org.testng.internal.TestMethodWorker.invokeTestMethods(TestMethodWorker.java:127)
	at org.testng.internal.TestMethodWorker.run(TestMethodWorker.java:111)
	at org.testng.TestRunner.privateRun(TestRunner.java:767)
	at org.testng.TestRunner.run(TestRunner.java:617)
	at org.testng.SuiteRunner.runTest(SuiteRunner.java:334)
	at org.testng.SuiteRunner.runSequentially(SuiteRunner.java:329)
	at org.testng.SuiteRunner.privateRun(SuiteRunner.java:291)
	at org.testng.SuiteRunner.run(SuiteRunner.java:240)
	at org.testng.SuiteRunnerWorker.runSuite(SuiteRunnerWorker.java:52)
	at org.testng.SuiteRunnerWorker.run(SuiteRunnerWorker.java:86)
	at org.testng.TestNG.runSuitesSequentially(TestNG.java:1224)
	at org.testng.TestNG.runSuitesLocally(TestNG.java:1149)
	at org.testng.TestNG.run(TestNG.java:1057)
	at org.testng.remote.RemoteTestNG.run(RemoteTestNG.java:111)
	at org.testng.remote.RemoteTestNG.initAndRun(RemoteTestNG.java:204)
	at org.testng.remote.RemoteTestNG.main(RemoteTestNG.java:175)
]]>
            </full-stacktrace>
          </exception> <!-- java.util.NoSuchElementException -->
          <reporter-output>
          </reporter-output>
        </test-method> <!-- testIllegalNextFailure -->
        <test-method status="PASS" signature="testIllegalNextFailure(ws.rocket.path.TreePath, java.lang.String, java.lang.String, java.lang.String, int)[pri:0, instance:ws.rocket.path.test.TreePathTest@5559c7f2]" name="testIllegalNextFailure" duration-ms="0" started-at="2013-10-12T08:59:45Z" data-provider="TreePathDataProvider" finished-at="2013-10-12T08:59:45Z">
          <params>
            <param index="0">
              <value>
                <![CDATA[.rel.path.to.my/web.page-html]]>
              </value>
            </param>
            <param index="1">
              <value>
                <![CDATA[.rel.path.to.my/web.page-html]]>
              </value>
            </param>
            <param index="2">
              <value>
                <![CDATA[page-html]]>
              </value>
            </param>
            <param index="3">
              <value is-null="true"/>
            </param>
            <param index="4">
              <value>
                <![CDATA[5]]>
              </value>
            </param>
          </params>
          <exception class="java.util.NoSuchElementException">
            <full-stacktrace>
              <![CDATA[java.util.NoSuchElementException
	at ws.rocket.path.TreePath.getNext(TreePath.java:369)
	at ws.rocket.path.TreePath.next(TreePath.java:296)
	at ws.rocket.path.test.TreePathTest.testIllegalNextFailure(TreePathTest.java:370)
	at sun.reflect.NativeMethodAccessorImpl.invoke0(Native Method)
	at sun.reflect.NativeMethodAccessorImpl.invoke(NativeMethodAccessorImpl.java:57)
	at sun.reflect.DelegatingMethodAccessorImpl.invoke(DelegatingMethodAccessorImpl.java:43)
	at java.lang.reflect.Method.invoke(Method.java:606)
	at org.testng.internal.MethodInvocationHelper.invokeMethod(MethodInvocationHelper.java:84)
	at org.testng.internal.Invoker.invokeMethod(Invoker.java:714)
	at org.testng.internal.Invoker.invokeTestMethod(Invoker.java:901)
	at org.testng.internal.Invoker.invokeTestMethods(Invoker.java:1231)
	at org.testng.internal.TestMethodWorker.invokeTestMethods(TestMethodWorker.java:127)
	at org.testng.internal.TestMethodWorker.run(TestMethodWorker.java:111)
	at org.testng.TestRunner.privateRun(TestRunner.java:767)
	at org.testng.TestRunner.run(TestRunner.java:617)
	at org.testng.SuiteRunner.runTest(SuiteRunner.java:334)
	at org.testng.SuiteRunner.runSequentially(SuiteRunner.java:329)
	at org.testng.SuiteRunner.privateRun(SuiteRunner.java:291)
	at org.testng.SuiteRunner.run(SuiteRunner.java:240)
	at org.testng.SuiteRunnerWorker.runSuite(SuiteRunnerWorker.java:52)
	at org.testng.SuiteRunnerWorker.run(SuiteRunnerWorker.java:86)
	at org.testng.TestNG.runSuitesSequentially(TestNG.java:1224)
	at org.testng.TestNG.runSuitesLocally(TestNG.java:1149)
	at org.testng.TestNG.run(TestNG.java:1057)
	at org.testng.remote.RemoteTestNG.run(RemoteTestNG.java:111)
	at org.testng.remote.RemoteTestNG.initAndRun(RemoteTestNG.java:204)
	at org.testng.remote.RemoteTestNG.main(RemoteTestNG.java:175)
]]>
            </full-stacktrace>
          </exception> <!-- java.util.NoSuchElementException -->
          <reporter-output>
          </reporter-output>
        </test-method> <!-- testIllegalNextFailure -->
        <test-method status="PASS" signature="testIllegalNextFailure(ws.rocket.path.TreePath, java.lang.String, java.lang.String, java.lang.String, int)[pri:0, instance:ws.rocket.path.test.TreePathTest@5559c7f2]" name="testIllegalNextFailure" duration-ms="1" started-at="2013-10-12T08:59:45Z" data-provider="TreePathDataProvider" finished-at="2013-10-12T08:59:45Z">
          <params>
            <param index="0">
              <value>
                <![CDATA[-path-to-my-web/page=rss]]>
              </value>
            </param>
            <param index="1">
              <value>
                <![CDATA[-path-to-my-web/page=rss]]>
              </value>
            </param>
            <param index="2">
              <value>
                <![CDATA[web/page]]>
              </value>
            </param>
            <param index="3">
              <value>
                <![CDATA[rss]]>
              </value>
            </param>
            <param index="4">
              <value>
                <![CDATA[4]]>
              </value>
            </param>
          </params>
          <exception class="java.util.NoSuchElementException">
            <full-stacktrace>
              <![CDATA[java.util.NoSuchElementException
	at ws.rocket.path.TreePath.getNext(TreePath.java:369)
	at ws.rocket.path.TreePath.next(TreePath.java:296)
	at ws.rocket.path.test.TreePathTest.testIllegalNextFailure(TreePathTest.java:370)
	at sun.reflect.NativeMethodAccessorImpl.invoke0(Native Method)
	at sun.reflect.NativeMethodAccessorImpl.invoke(NativeMethodAccessorImpl.java:57)
	at sun.reflect.DelegatingMethodAccessorImpl.invoke(DelegatingMethodAccessorImpl.java:43)
	at java.lang.reflect.Method.invoke(Method.java:606)
	at org.testng.internal.MethodInvocationHelper.invokeMethod(MethodInvocationHelper.java:84)
	at org.testng.internal.Invoker.invokeMethod(Invoker.java:714)
	at org.testng.internal.Invoker.invokeTestMethod(Invoker.java:901)
	at org.testng.internal.Invoker.invokeTestMethods(Invoker.java:1231)
	at org.testng.internal.TestMethodWorker.invokeTestMethods(TestMethodWorker.java:127)
	at org.testng.internal.TestMethodWorker.run(TestMethodWorker.java:111)
	at org.testng.TestRunner.privateRun(TestRunner.java:767)
	at org.testng.TestRunner.run(TestRunner.java:617)
	at org.testng.SuiteRunner.runTest(SuiteRunner.java:334)
	at org.testng.SuiteRunner.runSequentially(SuiteRunner.java:329)
	at org.testng.SuiteRunner.privateRun(SuiteRunner.java:291)
	at org.testng.SuiteRunner.run(SuiteRunner.java:240)
	at org.testng.SuiteRunnerWorker.runSuite(SuiteRunnerWorker.java:52)
	at org.testng.SuiteRunnerWorker.run(SuiteRunnerWorker.java:86)
	at org.testng.TestNG.runSuitesSequentially(TestNG.java:1224)
	at org.testng.TestNG.runSuitesLocally(TestNG.java:1149)
	at org.testng.TestNG.run(TestNG.java:1057)
	at org.testng.remote.RemoteTestNG.run(RemoteTestNG.java:111)
	at org.testng.remote.RemoteTestNG.initAndRun(RemoteTestNG.java:204)
	at org.testng.remote.RemoteTestNG.main(RemoteTestNG.java:175)
]]>
            </full-stacktrace>
          </exception> <!-- java.util.NoSuchElementException -->
          <reporter-output>
          </reporter-output>
        </test-method> <!-- testIllegalNextFailure -->
        <test-method status="PASS" signature="testIllegalNextFailure(ws.rocket.path.TreePath, java.lang.String, java.lang.String, java.lang.String, int)[pri:0, instance:ws.rocket.path.test.TreePathTest@5559c7f2]" name="testIllegalNextFailure" duration-ms="3" started-at="2013-10-12T08:59:45Z" data-provider="TreePathDataProvider" finished-at="2013-10-12T08:59:45Z">
          <params>
            <param index="0">
              <value>
                <![CDATA[.rel.path.to.my/web.page-html]]>
              </value>
            </param>
            <param index="1">
              <value>
                <![CDATA[.rel.path.to.my/web.page-html]]>
              </value>
            </param>
            <param index="2">
              <value>
                <![CDATA[page-html]]>
              </value>
            </param>
            <param index="3">
              <value is-null="true"/>
            </param>
            <param index="4">
              <value>
                <![CDATA[5]]>
              </value>
            </param>
          </params>
          <exception class="java.util.NoSuchElementException">
            <full-stacktrace>
              <![CDATA[java.util.NoSuchElementException
	at ws.rocket.path.TreePath.getNext(TreePath.java:369)
	at ws.rocket.path.TreePath.next(TreePath.java:296)
	at ws.rocket.path.test.TreePathTest.testIllegalNextFailure(TreePathTest.java:370)
	at sun.reflect.NativeMethodAccessorImpl.invoke0(Native Method)
	at sun.reflect.NativeMethodAccessorImpl.invoke(NativeMethodAccessorImpl.java:57)
	at sun.reflect.DelegatingMethodAccessorImpl.invoke(DelegatingMethodAccessorImpl.java:43)
	at java.lang.reflect.Method.invoke(Method.java:606)
	at org.testng.internal.MethodInvocationHelper.invokeMethod(MethodInvocationHelper.java:84)
	at org.testng.internal.Invoker.invokeMethod(Invoker.java:714)
	at org.testng.internal.Invoker.invokeTestMethod(Invoker.java:901)
	at org.testng.internal.Invoker.invokeTestMethods(Invoker.java:1231)
	at org.testng.internal.TestMethodWorker.invokeTestMethods(TestMethodWorker.java:127)
	at org.testng.internal.TestMethodWorker.run(TestMethodWorker.java:111)
	at org.testng.TestRunner.privateRun(TestRunner.java:767)
	at org.testng.TestRunner.run(TestRunner.java:617)
	at org.testng.SuiteRunner.runTest(SuiteRunner.java:334)
	at org.testng.SuiteRunner.runSequentially(SuiteRunner.java:329)
	at org.testng.SuiteRunner.privateRun(SuiteRunner.java:291)
	at org.testng.SuiteRunner.run(SuiteRunner.java:240)
	at org.testng.SuiteRunnerWorker.runSuite(SuiteRunnerWorker.java:52)
	at org.testng.SuiteRunnerWorker.run(SuiteRunnerWorker.java:86)
	at org.testng.TestNG.runSuitesSequentially(TestNG.java:1224)
	at org.testng.TestNG.runSuitesLocally(TestNG.java:1149)
	at org.testng.TestNG.run(TestNG.java:1057)
	at org.testng.remote.RemoteTestNG.run(RemoteTestNG.java:111)
	at org.testng.remote.RemoteTestNG.initAndRun(RemoteTestNG.java:204)
	at org.testng.remote.RemoteTestNG.main(RemoteTestNG.java:175)
]]>
            </full-stacktrace>
          </exception> <!-- java.util.NoSuchElementException -->
          <reporter-output>
          </reporter-output>
        </test-method> <!-- testIllegalNextFailure -->
        <test-method status="PASS" signature="testIllegalNextFailure(ws.rocket.path.TreePath, java.lang.String, java.lang.String, java.lang.String, int)[pri:0, instance:ws.rocket.path.test.TreePathTest@5559c7f2]" name="testIllegalNextFailure" duration-ms="1" started-at="2013-10-12T08:59:45Z" data-provider="TreePathDataProvider" finished-at="2013-10-12T08:59:45Z">
          <params>
            <param index="0">
              <value>
                <![CDATA[]]>
              </value>
            </param>
            <param index="1">
              <value>
                <![CDATA[]]>
              </value>
            </param>
            <param index="2">
              <value is-null="true"/>
            </param>
            <param index="3">
              <value is-null="true"/>
            </param>
            <param index="4">
              <value>
                <![CDATA[0]]>
              </value>
            </param>
          </params>
          <exception class="java.util.NoSuchElementException">
            <full-stacktrace>
              <![CDATA[java.util.NoSuchElementException
	at ws.rocket.path.TreePath.getNext(TreePath.java:369)
	at ws.rocket.path.TreePath.next(TreePath.java:296)
	at ws.rocket.path.test.TreePathTest.testIllegalNextFailure(TreePathTest.java:370)
	at sun.reflect.NativeMethodAccessorImpl.invoke0(Native Method)
	at sun.reflect.NativeMethodAccessorImpl.invoke(NativeMethodAccessorImpl.java:57)
	at sun.reflect.DelegatingMethodAccessorImpl.invoke(DelegatingMethodAccessorImpl.java:43)
	at java.lang.reflect.Method.invoke(Method.java:606)
	at org.testng.internal.MethodInvocationHelper.invokeMethod(MethodInvocationHelper.java:84)
	at org.testng.internal.Invoker.invokeMethod(Invoker.java:714)
	at org.testng.internal.Invoker.invokeTestMethod(Invoker.java:901)
	at org.testng.internal.Invoker.invokeTestMethods(Invoker.java:1231)
	at org.testng.internal.TestMethodWorker.invokeTestMethods(TestMethodWorker.java:127)
	at org.testng.internal.TestMethodWorker.run(TestMethodWorker.java:111)
	at org.testng.TestRunner.privateRun(TestRunner.java:767)
	at org.testng.TestRunner.run(TestRunner.java:617)
	at org.testng.SuiteRunner.runTest(SuiteRunner.java:334)
	at org.testng.SuiteRunner.runSequentially(SuiteRunner.java:329)
	at org.testng.SuiteRunner.privateRun(SuiteRunner.java:291)
	at org.testng.SuiteRunner.run(SuiteRunner.java:240)
	at org.testng.SuiteRunnerWorker.runSuite(SuiteRunnerWorker.java:52)
	at org.testng.SuiteRunnerWorker.run(SuiteRunnerWorker.java:86)
	at org.testng.TestNG.runSuitesSequentially(TestNG.java:1224)
	at org.testng.TestNG.runSuitesLocally(TestNG.java:1149)
	at org.testng.TestNG.run(TestNG.java:1057)
	at org.testng.remote.RemoteTestNG.run(RemoteTestNG.java:111)
	at org.testng.remote.RemoteTestNG.initAndRun(RemoteTestNG.java:204)
	at org.testng.remote.RemoteTestNG.main(RemoteTestNG.java:175)
]]>
            </full-stacktrace>
          </exception> <!-- java.util.NoSuchElementException -->
          <reporter-output>
          </reporter-output>
        </test-method> <!-- testIllegalNextFailure -->
        <test-method status="PASS" signature="testIllegalNextFailure(ws.rocket.path.TreePath, java.lang.String, java.lang.String, java.lang.String, int)[pri:0, instance:ws.rocket.path.test.TreePathTest@5559c7f2]" name="testIllegalNextFailure" duration-ms="1" started-at="2013-10-12T08:59:45Z" data-provider="TreePathDataProvider" finished-at="2013-10-12T08:59:45Z">
          <params>
            <param index="0">
              <value>
                <![CDATA[]]>
              </value>
            </param>
            <param index="1">
              <value>
                <![CDATA[]]>
              </value>
            </param>
            <param index="2">
              <value is-null="true"/>
            </param>
            <param index="3">
              <value is-null="true"/>
            </param>
            <param index="4">
              <value>
                <![CDATA[0]]>
              </value>
            </param>
          </params>
          <exception class="java.util.NoSuchElementException">
            <full-stacktrace>
              <![CDATA[java.util.NoSuchElementException
	at ws.rocket.path.TreePath.getNext(TreePath.java:369)
	at ws.rocket.path.TreePath.next(TreePath.java:296)
	at ws.rocket.path.test.TreePathTest.testIllegalNextFailure(TreePathTest.java:370)
	at sun.reflect.NativeMethodAccessorImpl.invoke0(Native Method)
	at sun.reflect.NativeMethodAccessorImpl.invoke(NativeMethodAccessorImpl.java:57)
	at sun.reflect.DelegatingMethodAccessorImpl.invoke(DelegatingMethodAccessorImpl.java:43)
	at java.lang.reflect.Method.invoke(Method.java:606)
	at org.testng.internal.MethodInvocationHelper.invokeMethod(MethodInvocationHelper.java:84)
	at org.testng.internal.Invoker.invokeMethod(Invoker.java:714)
	at org.testng.internal.Invoker.invokeTestMethod(Invoker.java:901)
	at org.testng.internal.Invoker.invokeTestMethods(Invoker.java:1231)
	at org.testng.internal.TestMethodWorker.invokeTestMethods(TestMethodWorker.java:127)
	at org.testng.internal.TestMethodWorker.run(TestMethodWorker.java:111)
	at org.testng.TestRunner.privateRun(TestRunner.java:767)
	at org.testng.TestRunner.run(TestRunner.java:617)
	at org.testng.SuiteRunner.runTest(SuiteRunner.java:334)
	at org.testng.SuiteRunner.runSequentially(SuiteRunner.java:329)
	at org.testng.SuiteRunner.privateRun(SuiteRunner.java:291)
	at org.testng.SuiteRunner.run(SuiteRunner.java:240)
	at org.testng.SuiteRunnerWorker.runSuite(SuiteRunnerWorker.java:52)
	at org.testng.SuiteRunnerWorker.run(SuiteRunnerWorker.java:86)
	at org.testng.TestNG.runSuitesSequentially(TestNG.java:1224)
	at org.testng.TestNG.runSuitesLocally(TestNG.java:1149)
	at org.testng.TestNG.run(TestNG.java:1057)
	at org.testng.remote.RemoteTestNG.run(RemoteTestNG.java:111)
	at org.testng.remote.RemoteTestNG.initAndRun(RemoteTestNG.java:204)
	at org.testng.remote.RemoteTestNG.main(RemoteTestNG.java:175)
]]>
            </full-stacktrace>
          </exception> <!-- java.util.NoSuchElementException -->
          <reporter-output>
          </reporter-output>
        </test-method> <!-- testIllegalNextFailure -->
        <test-method status="PASS" signature="testIllegalNextFailure(ws.rocket.path.TreePath, java.lang.String, java.lang.String, java.lang.String, int)[pri:0, instance:ws.rocket.path.test.TreePathTest@5559c7f2]" name="testIllegalNextFailure" duration-ms="0" started-at="2013-10-12T08:59:45Z" data-provider="TreePathDataProvider" finished-at="2013-10-12T08:59:45Z">
          <params>
            <param index="0">
              <value>
                <![CDATA[]]>
              </value>
            </param>
            <param index="1">
              <value>
                <![CDATA[]]>
              </value>
            </param>
            <param index="2">
              <value is-null="true"/>
            </param>
            <param index="3">
              <value is-null="true"/>
            </param>
            <param index="4">
              <value>
                <![CDATA[0]]>
              </value>
            </param>
          </params>
          <exception class="java.util.NoSuchElementException">
            <full-stacktrace>
              <![CDATA[java.util.NoSuchElementException
	at ws.rocket.path.TreePath.getNext(TreePath.java:369)
	at ws.rocket.path.TreePath.next(TreePath.java:296)
	at ws.rocket.path.test.TreePathTest.testIllegalNextFailure(TreePathTest.java:370)
	at sun.reflect.NativeMethodAccessorImpl.invoke0(Native Method)
	at sun.reflect.NativeMethodAccessorImpl.invoke(NativeMethodAccessorImpl.java:57)
	at sun.reflect.DelegatingMethodAccessorImpl.invoke(DelegatingMethodAccessorImpl.java:43)
	at java.lang.reflect.Method.invoke(Method.java:606)
	at org.testng.internal.MethodInvocationHelper.invokeMethod(MethodInvocationHelper.java:84)
	at org.testng.internal.Invoker.invokeMethod(Invoker.java:714)
	at org.testng.internal.Invoker.invokeTestMethod(Invoker.java:901)
	at org.testng.internal.Invoker.invokeTestMethods(Invoker.java:1231)
	at org.testng.internal.TestMethodWorker.invokeTestMethods(TestMethodWorker.java:127)
	at org.testng.internal.TestMethodWorker.run(TestMethodWorker.java:111)
	at org.testng.TestRunner.privateRun(TestRunner.java:767)
	at org.testng.TestRunner.run(TestRunner.java:617)
	at org.testng.SuiteRunner.runTest(SuiteRunner.java:334)
	at org.testng.SuiteRunner.runSequentially(SuiteRunner.java:329)
	at org.testng.SuiteRunner.privateRun(SuiteRunner.java:291)
	at org.testng.SuiteRunner.run(SuiteRunner.java:240)
	at org.testng.SuiteRunnerWorker.runSuite(SuiteRunnerWorker.java:52)
	at org.testng.SuiteRunnerWorker.run(SuiteRunnerWorker.java:86)
	at org.testng.TestNG.runSuitesSequentially(TestNG.java:1224)
	at org.testng.TestNG.runSuitesLocally(TestNG.java:1149)
	at org.testng.TestNG.run(TestNG.java:1057)
	at org.testng.remote.RemoteTestNG.run(RemoteTestNG.java:111)
	at org.testng.remote.RemoteTestNG.initAndRun(RemoteTestNG.java:204)
	at org.testng.remote.RemoteTestNG.main(RemoteTestNG.java:175)
]]>
            </full-stacktrace>
          </exception> <!-- java.util.NoSuchElementException -->
          <reporter-output>
          </reporter-output>
        </test-method> <!-- testIllegalNextFailure -->
        <test-method status="PASS" signature="testIllegalNextFailure(ws.rocket.path.TreePath, java.lang.String, java.lang.String, java.lang.String, int)[pri:0, instance:ws.rocket.path.test.TreePathTest@5559c7f2]" name="testIllegalNextFailure" duration-ms="6" started-at="2013-10-12T08:59:45Z" data-provider="TreePathDataProvider" finished-at="2013-10-12T08:59:45Z">
          <params>
            <param index="0">
              <value>
                <![CDATA[]]>
              </value>
            </param>
            <param index="1">
              <value>
                <![CDATA[]]>
              </value>
            </param>
            <param index="2">
              <value is-null="true"/>
            </param>
            <param index="3">
              <value is-null="true"/>
            </param>
            <param index="4">
              <value>
                <![CDATA[0]]>
              </value>
            </param>
          </params>
          <exception class="java.util.NoSuchElementException">
            <full-stacktrace>
              <![CDATA[java.util.NoSuchElementException
	at ws.rocket.path.TreePath.getNext(TreePath.java:369)
	at ws.rocket.path.TreePath.next(TreePath.java:296)
	at ws.rocket.path.test.TreePathTest.testIllegalNextFailure(TreePathTest.java:370)
	at sun.reflect.NativeMethodAccessorImpl.invoke0(Native Method)
	at sun.reflect.NativeMethodAccessorImpl.invoke(NativeMethodAccessorImpl.java:57)
	at sun.reflect.DelegatingMethodAccessorImpl.invoke(DelegatingMethodAccessorImpl.java:43)
	at java.lang.reflect.Method.invoke(Method.java:606)
	at org.testng.internal.MethodInvocationHelper.invokeMethod(MethodInvocationHelper.java:84)
	at org.testng.internal.Invoker.invokeMethod(Invoker.java:714)
	at org.testng.internal.Invoker.invokeTestMethod(Invoker.java:901)
	at org.testng.internal.Invoker.invokeTestMethods(Invoker.java:1231)
	at org.testng.internal.TestMethodWorker.invokeTestMethods(TestMethodWorker.java:127)
	at org.testng.internal.TestMethodWorker.run(TestMethodWorker.java:111)
	at org.testng.TestRunner.privateRun(TestRunner.java:767)
	at org.testng.TestRunner.run(TestRunner.java:617)
	at org.testng.SuiteRunner.runTest(SuiteRunner.java:334)
	at org.testng.SuiteRunner.runSequentially(SuiteRunner.java:329)
	at org.testng.SuiteRunner.privateRun(SuiteRunner.java:291)
	at org.testng.SuiteRunner.run(SuiteRunner.java:240)
	at org.testng.SuiteRunnerWorker.runSuite(SuiteRunnerWorker.java:52)
	at org.testng.SuiteRunnerWorker.run(SuiteRunnerWorker.java:86)
	at org.testng.TestNG.runSuitesSequentially(TestNG.java:1224)
	at org.testng.TestNG.runSuitesLocally(TestNG.java:1149)
	at org.testng.TestNG.run(TestNG.java:1057)
	at org.testng.remote.RemoteTestNG.run(RemoteTestNG.java:111)
	at org.testng.remote.RemoteTestNG.initAndRun(RemoteTestNG.java:204)
	at org.testng.remote.RemoteTestNG.main(RemoteTestNG.java:175)
]]>
            </full-stacktrace>
          </exception> <!-- java.util.NoSuchElementException -->
          <reporter-output>
          </reporter-output>
        </test-method> <!-- testIllegalNextFailure -->
        <test-method status="PASS" signature="testIllegalNextFailure(ws.rocket.path.TreePath, java.lang.String, java.lang.String, java.lang.String, int)[pri:0, instance:ws.rocket.path.test.TreePathTest@5559c7f2]" name="testIllegalNextFailure" duration-ms="3" started-at="2013-10-12T08:59:45Z" data-provider="TreePathDataProvider" finished-at="2013-10-12T08:59:45Z">
          <params>
            <param index="0">
              <value>
                <![CDATA[/path/to/web-page.rss]]>
              </value>
            </param>
            <param index="1">
              <value>
                <![CDATA[/path/to/web-page.rss]]>
              </value>
            </param>
            <param index="2">
              <value>
                <![CDATA[web-page]]>
              </value>
            </param>
            <param index="3">
              <value>
                <![CDATA[rss]]>
              </value>
            </param>
            <param index="4">
              <value>
                <![CDATA[3]]>
              </value>
            </param>
          </params>
          <exception class="java.util.NoSuchElementException">
            <full-stacktrace>
              <![CDATA[java.util.NoSuchElementException
	at ws.rocket.path.TreePath.getNext(TreePath.java:369)
	at ws.rocket.path.TreePath.next(TreePath.java:296)
	at ws.rocket.path.test.TreePathTest.testIllegalNextFailure(TreePathTest.java:370)
	at sun.reflect.GeneratedMethodAccessor1.invoke(Unknown Source)
	at sun.reflect.DelegatingMethodAccessorImpl.invoke(DelegatingMethodAccessorImpl.java:43)
	at java.lang.reflect.Method.invoke(Method.java:606)
	at org.testng.internal.MethodInvocationHelper.invokeMethod(MethodInvocationHelper.java:84)
	at org.testng.internal.Invoker.invokeMethod(Invoker.java:714)
	at org.testng.internal.Invoker.invokeTestMethod(Invoker.java:901)
	at org.testng.internal.Invoker.invokeTestMethods(Invoker.java:1231)
	at org.testng.internal.TestMethodWorker.invokeTestMethods(TestMethodWorker.java:127)
	at org.testng.internal.TestMethodWorker.run(TestMethodWorker.java:111)
	at org.testng.TestRunner.privateRun(TestRunner.java:767)
	at org.testng.TestRunner.run(TestRunner.java:617)
	at org.testng.SuiteRunner.runTest(SuiteRunner.java:334)
	at org.testng.SuiteRunner.runSequentially(SuiteRunner.java:329)
	at org.testng.SuiteRunner.privateRun(SuiteRunner.java:291)
	at org.testng.SuiteRunner.run(SuiteRunner.java:240)
	at org.testng.SuiteRunnerWorker.runSuite(SuiteRunnerWorker.java:52)
	at org.testng.SuiteRunnerWorker.run(SuiteRunnerWorker.java:86)
	at org.testng.TestNG.runSuitesSequentially(TestNG.java:1224)
	at org.testng.TestNG.runSuitesLocally(TestNG.java:1149)
	at org.testng.TestNG.run(TestNG.java:1057)
	at org.testng.remote.RemoteTestNG.run(RemoteTestNG.java:111)
	at org.testng.remote.RemoteTestNG.initAndRun(RemoteTestNG.java:204)
	at org.testng.remote.RemoteTestNG.main(RemoteTestNG.java:175)
]]>
            </full-stacktrace>
          </exception> <!-- java.util.NoSuchElementException -->
          <reporter-output>
          </reporter-output>
        </test-method> <!-- testIllegalNextFailure -->
        <test-method status="PASS" signature="testIllegalNextFailure(ws.rocket.path.TreePath, java.lang.String, java.lang.String, java.lang.String, int)[pri:0, instance:ws.rocket.path.test.TreePathTest@5559c7f2]" name="testIllegalNextFailure" duration-ms="1" started-at="2013-10-12T08:59:45Z" data-provider="TreePathDataProvider" finished-at="2013-10-12T08:59:45Z">
          <params>
            <param index="0">
              <value>
                <![CDATA[/path/to/web-page.rss]]>
              </value>
            </param>
            <param index="1">
              <value>
                <![CDATA[/path/to/web-page.rss]]>
              </value>
            </param>
            <param index="2">
              <value>
                <![CDATA[web-page]]>
              </value>
            </param>
            <param index="3">
              <value>
                <![CDATA[rss]]>
              </value>
            </param>
            <param index="4">
              <value>
                <![CDATA[3]]>
              </value>
            </param>
          </params>
          <exception class="java.util.NoSuchElementException">
            <full-stacktrace>
              <![CDATA[java.util.NoSuchElementException
	at ws.rocket.path.TreePath.getNext(TreePath.java:369)
	at ws.rocket.path.TreePath.next(TreePath.java:296)
	at ws.rocket.path.test.TreePathTest.testIllegalNextFailure(TreePathTest.java:370)
	at sun.reflect.GeneratedMethodAccessor1.invoke(Unknown Source)
	at sun.reflect.DelegatingMethodAccessorImpl.invoke(DelegatingMethodAccessorImpl.java:43)
	at java.lang.reflect.Method.invoke(Method.java:606)
	at org.testng.internal.MethodInvocationHelper.invokeMethod(MethodInvocationHelper.java:84)
	at org.testng.internal.Invoker.invokeMethod(Invoker.java:714)
	at org.testng.internal.Invoker.invokeTestMethod(Invoker.java:901)
	at org.testng.internal.Invoker.invokeTestMethods(Invoker.java:1231)
	at org.testng.internal.TestMethodWorker.invokeTestMethods(TestMethodWorker.java:127)
	at org.testng.internal.TestMethodWorker.run(TestMethodWorker.java:111)
	at org.testng.TestRunner.privateRun(TestRunner.java:767)
	at org.testng.TestRunner.run(TestRunner.java:617)
	at org.testng.SuiteRunner.runTest(SuiteRunner.java:334)
	at org.testng.SuiteRunner.runSequentially(SuiteRunner.java:329)
	at org.testng.SuiteRunner.privateRun(SuiteRunner.java:291)
	at org.testng.SuiteRunner.run(SuiteRunner.java:240)
	at org.testng.SuiteRunnerWorker.runSuite(SuiteRunnerWorker.java:52)
	at org.testng.SuiteRunnerWorker.run(SuiteRunnerWorker.java:86)
	at org.testng.TestNG.runSuitesSequentially(TestNG.java:1224)
	at org.testng.TestNG.runSuitesLocally(TestNG.java:1149)
	at org.testng.TestNG.run(TestNG.java:1057)
	at org.testng.remote.RemoteTestNG.run(RemoteTestNG.java:111)
	at org.testng.remote.RemoteTestNG.initAndRun(RemoteTestNG.java:204)
	at org.testng.remote.RemoteTestNG.main(RemoteTestNG.java:175)
]]>
            </full-stacktrace>
          </exception> <!-- java.util.NoSuchElementException -->
          <reporter-output>
          </reporter-output>
        </test-method> <!-- testIllegalNextFailure -->
        <test-method status="PASS" signature="testIllegalNextFailure(ws.rocket.path.TreePath, java.lang.String, java.lang.String, java.lang.String, int)[pri:0, instance:ws.rocket.path.test.TreePathTest@5559c7f2]" name="testIllegalNextFailure" duration-ms="1" started-at="2013-10-12T08:59:45Z" data-provider="TreePathDataProvider" finished-at="2013-10-12T08:59:45Z">
          <params>
            <param index="0">
              <value>
                <![CDATA[/path/to/MY/web-page.rss]]>
              </value>
            </param>
            <param index="1">
              <value>
                <![CDATA[/path/to/MY/web-page.rss]]>
              </value>
            </param>
            <param index="2">
              <value>
                <![CDATA[web-page]]>
              </value>
            </param>
            <param index="3">
              <value>
                <![CDATA[rss]]>
              </value>
            </param>
            <param index="4">
              <value>
                <![CDATA[4]]>
              </value>
            </param>
          </params>
          <exception class="java.util.NoSuchElementException">
            <full-stacktrace>
              <![CDATA[java.util.NoSuchElementException
	at ws.rocket.path.TreePath.getNext(TreePath.java:369)
	at ws.rocket.path.TreePath.next(TreePath.java:296)
	at ws.rocket.path.test.TreePathTest.testIllegalNextFailure(TreePathTest.java:370)
	at sun.reflect.GeneratedMethodAccessor1.invoke(Unknown Source)
	at sun.reflect.DelegatingMethodAccessorImpl.invoke(DelegatingMethodAccessorImpl.java:43)
	at java.lang.reflect.Method.invoke(Method.java:606)
	at org.testng.internal.MethodInvocationHelper.invokeMethod(MethodInvocationHelper.java:84)
	at org.testng.internal.Invoker.invokeMethod(Invoker.java:714)
	at org.testng.internal.Invoker.invokeTestMethod(Invoker.java:901)
	at org.testng.internal.Invoker.invokeTestMethods(Invoker.java:1231)
	at org.testng.internal.TestMethodWorker.invokeTestMethods(TestMethodWorker.java:127)
	at org.testng.internal.TestMethodWorker.run(TestMethodWorker.java:111)
	at org.testng.TestRunner.privateRun(TestRunner.java:767)
	at org.testng.TestRunner.run(TestRunner.java:617)
	at org.testng.SuiteRunner.runTest(SuiteRunner.java:334)
	at org.testng.SuiteRunner.runSequentially(SuiteRunner.java:329)
	at org.testng.SuiteRunner.privateRun(SuiteRunner.java:291)
	at org.testng.SuiteRunner.run(SuiteRunner.java:240)
	at org.testng.SuiteRunnerWorker.runSuite(SuiteRunnerWorker.java:52)
	at org.testng.SuiteRunnerWorker.run(SuiteRunnerWorker.java:86)
	at org.testng.TestNG.runSuitesSequentially(TestNG.java:1224)
	at org.testng.TestNG.runSuitesLocally(TestNG.java:1149)
	at org.testng.TestNG.run(TestNG.java:1057)
	at org.testng.remote.RemoteTestNG.run(RemoteTestNG.java:111)
	at org.testng.remote.RemoteTestNG.initAndRun(RemoteTestNG.java:204)
	at org.testng.remote.RemoteTestNG.main(RemoteTestNG.java:175)
]]>
            </full-stacktrace>
          </exception> <!-- java.util.NoSuchElementException -->
          <reporter-output>
          </reporter-output>
        </test-method> <!-- testIllegalNextFailure -->
        <test-method status="PASS" signature="testIllegalNextFailure(ws.rocket.path.TreePath, java.lang.String, java.lang.String, java.lang.String, int)[pri:0, instance:ws.rocket.path.test.TreePathTest@5559c7f2]" name="testIllegalNextFailure" duration-ms="5" started-at="2013-10-12T08:59:45Z" data-provider="TreePathDataProvider" finished-at="2013-10-12T08:59:45Z">
          <params>
            <param index="0">
              <value>
                <![CDATA[/path/to/MY/web-page.rss]]>
              </value>
            </param>
            <param index="1">
              <value>
                <![CDATA[/path/to/MY/web-page.rss]]>
              </value>
            </param>
            <param index="2">
              <value>
                <![CDATA[web-page]]>
              </value>
            </param>
            <param index="3">
              <value>
                <![CDATA[rss]]>
              </value>
            </param>
            <param index="4">
              <value>
                <![CDATA[4]]>
              </value>
            </param>
          </params>
          <exception class="java.util.NoSuchElementException">
            <full-stacktrace>
              <![CDATA[java.util.NoSuchElementException
	at ws.rocket.path.TreePath.getNext(TreePath.java:369)
	at ws.rocket.path.TreePath.next(TreePath.java:296)
	at ws.rocket.path.test.TreePathTest.testIllegalNextFailure(TreePathTest.java:370)
	at sun.reflect.GeneratedMethodAccessor1.invoke(Unknown Source)
	at sun.reflect.DelegatingMethodAccessorImpl.invoke(DelegatingMethodAccessorImpl.java:43)
	at java.lang.reflect.Method.invoke(Method.java:606)
	at org.testng.internal.MethodInvocationHelper.invokeMethod(MethodInvocationHelper.java:84)
	at org.testng.internal.Invoker.invokeMethod(Invoker.java:714)
	at org.testng.internal.Invoker.invokeTestMethod(Invoker.java:901)
	at org.testng.internal.Invoker.invokeTestMethods(Invoker.java:1231)
	at org.testng.internal.TestMethodWorker.invokeTestMethods(TestMethodWorker.java:127)
	at org.testng.internal.TestMethodWorker.run(TestMethodWorker.java:111)
	at org.testng.TestRunner.privateRun(TestRunner.java:767)
	at org.testng.TestRunner.run(TestRunner.java:617)
	at org.testng.SuiteRunner.runTest(SuiteRunner.java:334)
	at org.testng.SuiteRunner.runSequentially(SuiteRunner.java:329)
	at org.testng.SuiteRunner.privateRun(SuiteRunner.java:291)
	at org.testng.SuiteRunner.run(SuiteRunner.java:240)
	at org.testng.SuiteRunnerWorker.runSuite(SuiteRunnerWorker.java:52)
	at org.testng.SuiteRunnerWorker.run(SuiteRunnerWorker.java:86)
	at org.testng.TestNG.runSuitesSequentially(TestNG.java:1224)
	at org.testng.TestNG.runSuitesLocally(TestNG.java:1149)
	at org.testng.TestNG.run(TestNG.java:1057)
	at org.testng.remote.RemoteTestNG.run(RemoteTestNG.java:111)
	at org.testng.remote.RemoteTestNG.initAndRun(RemoteTestNG.java:204)
	at org.testng.remote.RemoteTestNG.main(RemoteTestNG.java:175)
]]>
            </full-stacktrace>
          </exception> <!-- java.util.NoSuchElementException -->
          <reporter-output>
          </reporter-output>
        </test-method> <!-- testIllegalNextFailure -->
        <test-method status="PASS" signature="testIllegalNextFailure(ws.rocket.path.TreePath, java.lang.String, java.lang.String, java.lang.String, int)[pri:0, instance:ws.rocket.path.test.TreePathTest@5559c7f2]" name="testIllegalNextFailure" duration-ms="3" started-at="2013-10-12T08:59:45Z" data-provider="TreePathDataProvider" finished-at="2013-10-12T08:59:45Z">
          <params>
            <param index="0">
              <value>
                <![CDATA[/path/to/my/web-page.RSS]]>
              </value>
            </param>
            <param index="1">
              <value>
                <![CDATA[/path/to/my/web-page.RSS]]>
              </value>
            </param>
            <param index="2">
              <value>
                <![CDATA[web-page]]>
              </value>
            </param>
            <param index="3">
              <value>
                <![CDATA[RSS]]>
              </value>
            </param>
            <param index="4">
              <value>
                <![CDATA[4]]>
              </value>
            </param>
          </params>
          <exception class="java.util.NoSuchElementException">
            <full-stacktrace>
              <![CDATA[java.util.NoSuchElementException
	at ws.rocket.path.TreePath.getNext(TreePath.java:369)
	at ws.rocket.path.TreePath.next(TreePath.java:296)
	at ws.rocket.path.test.TreePathTest.testIllegalNextFailure(TreePathTest.java:370)
	at sun.reflect.GeneratedMethodAccessor1.invoke(Unknown Source)
	at sun.reflect.DelegatingMethodAccessorImpl.invoke(DelegatingMethodAccessorImpl.java:43)
	at java.lang.reflect.Method.invoke(Method.java:606)
	at org.testng.internal.MethodInvocationHelper.invokeMethod(MethodInvocationHelper.java:84)
	at org.testng.internal.Invoker.invokeMethod(Invoker.java:714)
	at org.testng.internal.Invoker.invokeTestMethod(Invoker.java:901)
	at org.testng.internal.Invoker.invokeTestMethods(Invoker.java:1231)
	at org.testng.internal.TestMethodWorker.invokeTestMethods(TestMethodWorker.java:127)
	at org.testng.internal.TestMethodWorker.run(TestMethodWorker.java:111)
	at org.testng.TestRunner.privateRun(TestRunner.java:767)
	at org.testng.TestRunner.run(TestRunner.java:617)
	at org.testng.SuiteRunner.runTest(SuiteRunner.java:334)
	at org.testng.SuiteRunner.runSequentially(SuiteRunner.java:329)
	at org.testng.SuiteRunner.privateRun(SuiteRunner.java:291)
	at org.testng.SuiteRunner.run(SuiteRunner.java:240)
	at org.testng.SuiteRunnerWorker.runSuite(SuiteRunnerWorker.java:52)
	at org.testng.SuiteRunnerWorker.run(SuiteRunnerWorker.java:86)
	at org.testng.TestNG.runSuitesSequentially(TestNG.java:1224)
	at org.testng.TestNG.runSuitesLocally(TestNG.java:1149)
	at org.testng.TestNG.run(TestNG.java:1057)
	at org.testng.remote.RemoteTestNG.run(RemoteTestNG.java:111)
	at org.testng.remote.RemoteTestNG.initAndRun(RemoteTestNG.java:204)
	at org.testng.remote.RemoteTestNG.main(RemoteTestNG.java:175)
]]>
            </full-stacktrace>
          </exception> <!-- java.util.NoSuchElementException -->
          <reporter-output>
          </reporter-output>
        </test-method> <!-- testIllegalNextFailure -->
        <test-method status="PASS" signature="testIllegalNextFailure(ws.rocket.path.TreePath, java.lang.String, java.lang.String, java.lang.String, int)[pri:0, instance:ws.rocket.path.test.TreePathTest@5559c7f2]" name="testIllegalNextFailure" duration-ms="1" started-at="2013-10-12T08:59:45Z" data-provider="TreePathDataProvider" finished-at="2013-10-12T08:59:45Z">
          <params>
            <param index="0">
              <value>
                <![CDATA[/path/to/my/web-page.rss]]>
              </value>
            </param>
            <param index="1">
              <value>
                <![CDATA[/path/to/my/web-page.rss]]>
              </value>
            </param>
            <param index="2">
              <value>
                <![CDATA[web-page.rss]]>
              </value>
            </param>
            <param index="3">
              <value is-null="true"/>
            </param>
            <param index="4">
              <value>
                <![CDATA[4]]>
              </value>
            </param>
          </params>
          <exception class="java.util.NoSuchElementException">
            <full-stacktrace>
              <![CDATA[java.util.NoSuchElementException
	at ws.rocket.path.TreePath.getNext(TreePath.java:369)
	at ws.rocket.path.TreePath.next(TreePath.java:296)
	at ws.rocket.path.test.TreePathTest.testIllegalNextFailure(TreePathTest.java:370)
	at sun.reflect.GeneratedMethodAccessor1.invoke(Unknown Source)
	at sun.reflect.DelegatingMethodAccessorImpl.invoke(DelegatingMethodAccessorImpl.java:43)
	at java.lang.reflect.Method.invoke(Method.java:606)
	at org.testng.internal.MethodInvocationHelper.invokeMethod(MethodInvocationHelper.java:84)
	at org.testng.internal.Invoker.invokeMethod(Invoker.java:714)
	at org.testng.internal.Invoker.invokeTestMethod(Invoker.java:901)
	at org.testng.internal.Invoker.invokeTestMethods(Invoker.java:1231)
	at org.testng.internal.TestMethodWorker.invokeTestMethods(TestMethodWorker.java:127)
	at org.testng.internal.TestMethodWorker.run(TestMethodWorker.java:111)
	at org.testng.TestRunner.privateRun(TestRunner.java:767)
	at org.testng.TestRunner.run(TestRunner.java:617)
	at org.testng.SuiteRunner.runTest(SuiteRunner.java:334)
	at org.testng.SuiteRunner.runSequentially(SuiteRunner.java:329)
	at org.testng.SuiteRunner.privateRun(SuiteRunner.java:291)
	at org.testng.SuiteRunner.run(SuiteRunner.java:240)
	at org.testng.SuiteRunnerWorker.runSuite(SuiteRunnerWorker.java:52)
	at org.testng.SuiteRunnerWorker.run(SuiteRunnerWorker.java:86)
	at org.testng.TestNG.runSuitesSequentially(TestNG.java:1224)
	at org.testng.TestNG.runSuitesLocally(TestNG.java:1149)
	at org.testng.TestNG.run(TestNG.java:1057)
	at org.testng.remote.RemoteTestNG.run(RemoteTestNG.java:111)
	at org.testng.remote.RemoteTestNG.initAndRun(RemoteTestNG.java:204)
	at org.testng.remote.RemoteTestNG.main(RemoteTestNG.java:175)
]]>
            </full-stacktrace>
          </exception> <!-- java.util.NoSuchElementException -->
          <reporter-output>
          </reporter-output>
        </test-method> <!-- testIllegalNextFailure -->
        <test-method status="PASS" signature="testIllegalNextFailure(ws.rocket.path.TreePath, java.lang.String, java.lang.String, java.lang.String, int)[pri:0, instance:ws.rocket.path.test.TreePathTest@5559c7f2]" name="testIllegalNextFailure" duration-ms="0" started-at="2013-10-12T08:59:45Z" data-provider="TreePathDataProvider" finished-at="2013-10-12T08:59:45Z">
          <params>
            <param index="0">
              <value>
                <![CDATA[]]>
              </value>
            </param>
            <param index="1">
              <value>
                <![CDATA[]]>
              </value>
            </param>
            <param index="2">
              <value is-null="true"/>
            </param>
            <param index="3">
              <value is-null="true"/>
            </param>
            <param index="4">
              <value>
                <![CDATA[0]]>
              </value>
            </param>
          </params>
          <exception class="java.util.NoSuchElementException">
            <full-stacktrace>
              <![CDATA[java.util.NoSuchElementException
	at ws.rocket.path.TreePath.getNext(TreePath.java:369)
	at ws.rocket.path.TreePath.next(TreePath.java:296)
	at ws.rocket.path.test.TreePathTest.testIllegalNextFailure(TreePathTest.java:370)
	at sun.reflect.GeneratedMethodAccessor1.invoke(Unknown Source)
	at sun.reflect.DelegatingMethodAccessorImpl.invoke(DelegatingMethodAccessorImpl.java:43)
	at java.lang.reflect.Method.invoke(Method.java:606)
	at org.testng.internal.MethodInvocationHelper.invokeMethod(MethodInvocationHelper.java:84)
	at org.testng.internal.Invoker.invokeMethod(Invoker.java:714)
[...]
              <value is-null="true"/>
            </param>
            <param index="3">
              <value is-null="true"/>
            </param>
            <param index="4">
              <value>
                <![CDATA[0]]>
              </value>
            </param>
          </params>
          <reporter-output>
          </reporter-output>
        </test-method> <!-- testSegmentation -->
        <test-method status="PASS" signature="testSegmentation(ws.rocket.path.TreePath, java.lang.String, java.lang.String, java.lang.String, int)[pri:0, instance:ws.rocket.path.test.TreePathTest@5559c7f2]" name="testSegmentation" duration-ms="6" started-at="2013-10-12T08:59:45Z" data-provider="TreePathDataProvider" finished-at="2013-10-12T08:59:45Z">
          <params>
            <param index="0">
              <value>
                <![CDATA[]]>
              </value>
            </param>
            <param index="1">
              <value>
                <![CDATA[]]>
              </value>
            </param>
            <param index="2">
              <value is-null="true"/>
            </param>
            <param index="3">
              <value is-null="true"/>
            </param>
            <param index="4">
              <value>
                <![CDATA[0]]>
              </value>
            </param>
          </params>
          <reporter-output>
          </reporter-output>
        </test-method> <!-- testSegmentation -->
        <test-method status="PASS" signature="testSegmentation(ws.rocket.path.TreePath, java.lang.String, java.lang.String, java.lang.String, int)[pri:0, instance:ws.rocket.path.test.TreePathTest@5559c7f2]" name="testSegmentation" duration-ms="0" started-at="2013-10-12T08:59:45Z" data-provider="TreePathDataProvider" finished-at="2013-10-12T08:59:45Z">
          <params>
            <param index="0">
              <value>
                <![CDATA[]]>
              </value>
            </param>
            <param index="1">
              <value>
                <![CDATA[]]>
              </value>
            </param>
            <param index="2">
              <value is-null="true"/>
            </param>
            <param index="3">
              <value is-null="true"/>
            </param>
            <param index="4">
              <value>
                <![CDATA[0]]>
              </value>
            </param>
          </params>
          <reporter-output>
          </reporter-output>
        </test-method> <!-- testSegmentation -->
        <test-method status="PASS" signature="testSegmentation(ws.rocket.path.TreePath, java.lang.String, java.lang.String, java.lang.String, int)[pri:0, instance:ws.rocket.path.test.TreePathTest@5559c7f2]" name="testSegmentation" duration-ms="1" started-at="2013-10-12T08:59:45Z" data-provider="TreePathDataProvider" finished-at="2013-10-12T08:59:45Z">
          <params>
            <param index="0">
              <value>
                <![CDATA[]]>
              </value>
            </param>
            <param index="1">
              <value>
                <![CDATA[]]>
              </value>
            </param>
            <param index="2">
              <value is-null="true"/>
            </param>
            <param index="3">
              <value is-null="true"/>
            </param>
            <param index="4">
              <value>
                <![CDATA[0]]>
              </value>
            </param>
          </params>
          <reporter-output>
          </reporter-output>
        </test-method> <!-- testSegmentation -->
        <test-method status="PASS" signature="testSegmentation(ws.rocket.path.TreePath, java.lang.String, java.lang.String, java.lang.String, int)[pri:0, instance:ws.rocket.path.test.TreePathTest@5559c7f2]" name="testSegmentation" duration-ms="0" started-at="2013-10-12T08:59:45Z" data-provider="TreePathDataProvider" finished-at="2013-10-12T08:59:45Z">
          <params>
            <param index="0">
              <value>
                <![CDATA[relpath.to......my/web.page]]>
              </value>
            </param>
            <param index="1">
              <value>
                <![CDATA[relpath.to......my/web.page]]>
              </value>
            </param>
            <param index="2">
              <value>
                <![CDATA[relpath.to......my/web.page]]>
              </value>
            </param>
            <param index="3">
              <value is-null="true"/>
            </param>
            <param index="4">
              <value>
                <![CDATA[1]]>
              </value>
            </param>
          </params>
          <reporter-output>
          </reporter-output>
        </test-method> <!-- testSegmentation -->
        <test-method status="PASS" signature="testSegmentation(ws.rocket.path.TreePath, java.lang.String, java.lang.String, java.lang.String, int)[pri:0, instance:ws.rocket.path.test.TreePathTest@5559c7f2]" name="testSegmentation" duration-ms="0" started-at="2013-10-12T08:59:45Z" data-provider="TreePathDataProvider" finished-at="2013-10-12T08:59:45Z">
          <params>
            <param index="0">
              <value>
                <![CDATA[relpath.to......my/web.page]]>
              </value>
            </param>
            <param index="1">
              <value>
                <![CDATA[relpath.to......my/web.page]]>
              </value>
            </param>
            <param index="2">
              <value>
                <![CDATA[relpath.to......my/web.page]]>
              </value>
            </param>
            <param index="3">
              <value is-null="true"/>
            </param>
            <param index="4">
              <value>
                <![CDATA[1]]>
              </value>
            </param>
          </params>
          <reporter-output>
          </reporter-output>
        </test-method> <!-- testSegmentation -->
        <test-method status="PASS" signature="testSegmentation(ws.rocket.path.TreePath, java.lang.String, java.lang.String, java.lang.String, int)[pri:0, instance:ws.rocket.path.test.TreePathTest@5559c7f2]" name="testSegmentation" duration-ms="0" started-at="2013-10-12T08:59:45Z" data-provider="TreePathDataProvider" finished-at="2013-10-12T08:59:45Z">
          <params>
            <param index="0">
              <value>
                <![CDATA[.relpath.to.my/web.page]]>
              </value>
            </param>
            <param index="1">
              <value>
                <![CDATA[.relpath.to.my/web.page]]>
              </value>
            </param>
            <param index="2">
              <value>
                <![CDATA[page]]>
              </value>
            </param>
            <param index="3">
              <value is-null="true"/>
            </param>
            <param index="4">
              <value>
                <![CDATA[4]]>
              </value>
            </param>
          </params>
          <reporter-output>
          </reporter-output>
        </test-method> <!-- testSegmentation -->
        <test-method status="PASS" signature="testSegmentation(ws.rocket.path.TreePath, java.lang.String, java.lang.String, java.lang.String, int)[pri:0, instance:ws.rocket.path.test.TreePathTest@5559c7f2]" name="testSegmentation" duration-ms="3" started-at="2013-10-12T08:59:45Z" data-provider="TreePathDataProvider" finished-at="2013-10-12T08:59:45Z">
          <params>
            <param index="0">
              <value>
                <![CDATA[.relpath.to.my/web.page]]>
              </value>
            </param>
            <param index="1">
              <value>
                <![CDATA[.relpath.to.my/web.page]]>
              </value>
            </param>
            <param index="2">
              <value>
                <![CDATA[page]]>
              </value>
            </param>
            <param index="3">
              <value is-null="true"/>
            </param>
            <param index="4">
              <value>
                <![CDATA[4]]>
              </value>
            </param>
          </params>
          <reporter-output>
          </reporter-output>
        </test-method> <!-- testSegmentation -->
        <test-method status="PASS" signature="testSegmentation(ws.rocket.path.TreePath, java.lang.String, java.lang.String, java.lang.String, int)[pri:0, instance:ws.rocket.path.test.TreePathTest@5559c7f2]" name="testSegmentation" duration-ms="1" started-at="2013-10-12T08:59:45Z" data-provider="TreePathDataProvider" finished-at="2013-10-12T08:59:45Z">
          <params>
            <param index="0">
              <value>
                <![CDATA[.relpath.to.my/web.page]]>
              </value>
            </param>
            <param index="1">
              <value>
                <![CDATA[.relpath.to.my/web.page]]>
              </value>
            </param>
            <param index="2">
              <value>
                <![CDATA[page]]>
              </value>
            </param>
            <param index="3">
              <value is-null="true"/>
            </param>
            <param index="4">
              <value>
                <![CDATA[4]]>
              </value>
            </param>
          </params>
          <reporter-output>
          </reporter-output>
        </test-method> <!-- testSegmentation -->
        <test-method status="PASS" signature="testSegmentation(ws.rocket.path.TreePath, java.lang.String, java.lang.String, java.lang.String, int)[pri:0, instance:ws.rocket.path.test.TreePathTest@5559c7f2]" name="testSegmentation" duration-ms="0" started-at="2013-10-12T08:59:45Z" data-provider="TreePathDataProvider" finished-at="2013-10-12T08:59:45Z">
          <params>
            <param index="0">
              <value>
                <![CDATA[.relpath.to.my/web.page]]>
              </value>
            </param>
            <param index="1">
              <value>
                <![CDATA[.relpath.to.my/web.page]]>
              </value>
            </param>
            <param index="2">
              <value>
                <![CDATA[page]]>
              </value>
            </param>
            <param index="3">
              <value is-null="true"/>
            </param>
            <param index="4">
              <value>
                <![CDATA[4]]>
              </value>
            </param>
          </params>
          <reporter-output>
          </reporter-output>
        </test-method> <!-- testSegmentation -->
        <test-method status="PASS" signature="testSegmentation(ws.rocket.path.TreePath, java.lang.String, java.lang.String, java.lang.String, int)[pri:0, instance:ws.rocket.path.test.TreePathTest@5559c7f2]" name="testSegmentation" duration-ms="0" started-at="2013-10-12T08:59:45Z" data-provider="TreePathDataProvider" finished-at="2013-10-12T08:59:45Z">
          <params>
            <param index="0">
              <value>
                <![CDATA[.relpath.to.my/web]]>
              </value>
            </param>
            <param index="1">
              <value>
                <![CDATA[.relpath.to.my/web]]>
              </value>
            </param>
            <param index="2">
              <value>
                <![CDATA[my]]>
              </value>
            </param>
            <param index="3">
              <value>
                <![CDATA[web]]>
              </value>
            </param>
            <param index="4">
              <value>
                <![CDATA[3]]>
              </value>
            </param>
          </params>
          <reporter-output>
          </reporter-output>
        </test-method> <!-- testSegmentation -->
        <test-method status="PASS" signature="testSegmentation(ws.rocket.path.TreePath, java.lang.String, java.lang.String, java.lang.String, int)[pri:0, instance:ws.rocket.path.test.TreePathTest@5559c7f2]" name="testSegmentation" duration-ms="0" started-at="2013-10-12T08:59:45Z" data-provider="TreePathDataProvider" finished-at="2013-10-12T08:59:45Z">
          <params>
            <param index="0">
              <value>
                <![CDATA[.relpath.to.my/web]]>
              </value>
            </param>
            <param index="1">
              <value>
                <![CDATA[.relpath.to.my/web]]>
              </value>
            </param>
            <param index="2">
              <value>
                <![CDATA[my]]>
              </value>
            </param>
            <param index="3">
              <value>
                <![CDATA[web]]>
              </value>
            </param>
            <param index="4">
              <value>
                <![CDATA[3]]>
              </value>
            </param>
          </params>
          <reporter-output>
          </reporter-output>
        </test-method> <!-- testSegmentation -->
        <test-method status="PASS" signature="testSegmentation(ws.rocket.path.TreePath, java.lang.String, java.lang.String, java.lang.String, int)[pri:0, instance:ws.rocket.path.test.TreePathTest@5559c7f2]" name="testSegmentation" duration-ms="0" started-at="2013-10-12T08:59:45Z" data-provider="TreePathDataProvider" finished-at="2013-10-12T08:59:45Z">
          <params>
            <param index="0">
              <value>
                <![CDATA[.relpath.TO.my/web]]>
              </value>
            </param>
            <param index="1">
              <value>
                <![CDATA[.relpath.TO.my/web]]>
              </value>
            </param>
            <param index="2">
              <value>
                <![CDATA[my]]>
              </value>
            </param>
            <param index="3">
              <value>
                <![CDATA[web]]>
              </value>
            </param>
            <param index="4">
              <value>
                <![CDATA[3]]>
              </value>
            </param>
          </params>
          <reporter-output>
          </reporter-output>
        </test-method> <!-- testSegmentation -->
        <test-method status="PASS" signature="testSegmentation(ws.rocket.path.TreePath, java.lang.String, java.lang.String, java.lang.String, int)[pri:0, instance:ws.rocket.path.test.TreePathTest@5559c7f2]" name="testSegmentation" duration-ms="5" started-at="2013-10-12T08:59:45Z" data-provider="TreePathDataProvider" finished-at="2013-10-12T08:59:45Z">
          <params>
            <param index="0">
              <value>
                <![CDATA[.relpath.TO.my/web]]>
              </value>
            </param>
            <param index="1">
              <value>
                <![CDATA[.relpath.TO.my/web]]>
              </value>
            </param>
            <param index="2">
              <value>
                <![CDATA[my]]>
              </value>
            </param>
            <param index="3">
              <value>
                <![CDATA[web]]>
              </value>
            </param>
            <param index="4">
              <value>
                <![CDATA[3]]>
              </value>
            </param>
          </params>
          <reporter-output>
          </reporter-output>
        </test-method> <!-- testSegmentation -->
        <test-method status="PASS" signature="testSegmentation(ws.rocket.path.TreePath, java.lang.String, java.lang.String, java.lang.String, int)[pri:0, instance:ws.rocket.path.test.TreePathTest@5559c7f2]" name="testSegmentation" duration-ms="0" started-at="2013-10-12T08:59:45Z" data-provider="TreePathDataProvider" finished-at="2013-10-12T08:59:45Z">
          <params>
            <param index="0">
              <value>
                <![CDATA[.rel.path.to.my/web.page/html]]>
              </value>
            </param>
            <param index="1">
              <value>
                <![CDATA[.rel.path.to.my/web.page/html]]>
              </value>
            </param>
            <param index="2">
              <value>
                <![CDATA[page]]>
              </value>
            </param>
            <param index="3">
              <value>
                <![CDATA[html]]>
              </value>
            </param>
            <param index="4">
              <value>
                <![CDATA[5]]>
              </value>
            </param>
          </params>
          <reporter-output>
          </reporter-output>
        </test-method> <!-- testSegmentation -->
        <test-method status="PASS" signature="testSegmentation(ws.rocket.path.TreePath, java.lang.String, java.lang.String, java.lang.String, int)[pri:0, instance:ws.rocket.path.test.TreePathTest@5559c7f2]" name="testSegmentation" duration-ms="1" started-at="2013-10-12T08:59:45Z" data-provider="TreePathDataProvider" finished-at="2013-10-12T08:59:45Z">
          <params>
            <param index="0">
              <value>
                <![CDATA[.rel.path.to.my/web.page/html]]>
              </value>
            </param>
            <param index="1">
              <value>
                <![CDATA[.rel.path.to.my/web.page/html]]>
              </value>
            </param>
            <param index="2">
              <value>
                <![CDATA[page]]>
              </value>
            </param>
            <param index="3">
              <value>
                <![CDATA[html]]>
              </value>
            </param>
            <param index="4">
              <value>
                <![CDATA[5]]>
              </value>
            </param>
          </params>
          <reporter-output>
          </reporter-output>
        </test-method> <!-- testSegmentation -->
        <test-method status="PASS" signature="testSegmentation(ws.rocket.path.TreePath, java.lang.String, java.lang.String, java.lang.String, int)[pri:0, instance:ws.rocket.path.test.TreePathTest@5559c7f2]" name="testSegmentation" duration-ms="0" started-at="2013-10-12T08:59:45Z" data-provider="TreePathDataProvider" finished-at="2013-10-12T08:59:45Z">
          <params>
            <param index="0">
              <value>
                <![CDATA[.rel.path.to.my/web.page/HTML]]>
              </value>
            </param>
            <param index="1">
              <value>
                <![CDATA[.rel.path.to.my/web.page/HTML]]>
              </value>
            </param>
            <param index="2">
              <value>
                <![CDATA[page]]>
              </value>
            </param>
            <param index="3">
              <value>
                <![CDATA[HTML]]>
              </value>
            </param>
            <param index="4">
              <value>
                <![CDATA[5]]>
              </value>
            </param>
          </params>
          <reporter-output>
          </reporter-output>
        </test-method> <!-- testSegmentation -->
        <test-method status="PASS" signature="testSegmentation(ws.rocket.path.TreePath, java.lang.String, java.lang.String, java.lang.String, int)[pri:0, instance:ws.rocket.path.test.TreePathTest@5559c7f2]" name="testSegmentation" duration-ms="1" started-at="2013-10-12T08:59:45Z" data-provider="TreePathDataProvider" finished-at="2013-10-12T08:59:45Z">
          <params>
            <param index="0">
              <value>
                <![CDATA[.rel.path.to.my/web.page/html]]>
              </value>
            </param>
            <param index="1">
              <value>
                <![CDATA[.rel.path.to.my/web.page/html]]>
              </value>
            </param>
            <param index="2">
              <value>
                <![CDATA[page/html]]>
              </value>
            </param>
            <param index="3">
              <value is-null="true"/>
            </param>
            <param index="4">
              <value>
                <![CDATA[5]]>
              </value>
            </param>
          </params>
          <reporter-output>
          </reporter-output>
        </test-method> <!-- testSegmentation -->
      </class> <!-- ws.rocket.path.test.TreePathTest -->
    </test> <!-- Default test -->
  </suite> <!-- Default suite -->
</testng-results>
